2022-05-16 00:03:22.714  WARN 15948 --- [main] o.s.data.convert.CustomConversions       : Registering converter from class java.time.LocalDateTime to class org.joda.time.LocalDateTime as reading converter although it doesn't convert from a store-supported type! You might want to check your annotation setup at the converter implementation.
2022-05-16 00:03:22.870  WARN 15948 --- [main] o.s.data.convert.CustomConversions       : Registering converter from class java.time.LocalDateTime to class org.joda.time.LocalDateTime as reading converter although it doesn't convert from a store-supported type! You might want to check your annotation setup at the converter implementation.
2022-05-16 00:03:23.028  WARN 15948 --- [main] JpaBaseConfiguration$JpaWebConfiguration : spring.jpa.open-in-view is enabled by default. Therefore, database queries may be performed during view rendering. Explicitly configure spring.jpa.open-in-view to disable this warning
2022-05-16 00:03:23.133 DEBUG 15948 --- [main] s.w.s.m.m.a.RequestMappingHandlerAdapter : ControllerAdvice beans: 0 @ModelAttribute, 0 @InitBinder, 1 RequestBodyAdvice, 1 ResponseBodyAdvice
2022-05-16 00:03:23.222 DEBUG 15948 --- [main] s.w.s.m.m.a.RequestMappingHandlerMapping : 5 mappings in 'requestMappingHandlerMapping'
2022-05-16 00:03:23.288 DEBUG 15948 --- [main] o.s.w.s.handler.SimpleUrlHandlerMapping  : Patterns [/webjars/**, /**] in 'resourceHandlerMapping'
2022-05-16 00:03:23.298 DEBUG 15948 --- [main] .m.m.a.ExceptionHandlerExceptionResolver : ControllerAdvice beans: 0 @ExceptionHandler, 1 ResponseBodyAdvice
2022-05-16 00:03:23.760  WARN 15948 --- [main] iguration$LoadBalancerCaffeineWarnLogger : Spring Cloud LoadBalancer is currently working with the default cache. While this cache implementation is useful for development and tests, it's recommended to use Caffeine cache in production.You can switch to using Caffeine cache, by adding it and org.springframework.cache.caffeine.CaffeineCacheManager to the classpath.
2022-05-16 00:03:23.988 DEBUG 15948 --- [main] o.s.web.client.RestTemplate              : HTTP GET http://localhost:8761/eureka/apps/
2022-05-16 00:03:24.085 DEBUG 15948 --- [main] o.s.web.client.RestTemplate              : Accept=[application/json, application/*+json]
2022-05-16 00:03:24.131 DEBUG 15948 --- [main] o.s.web.client.RestTemplate              : Response 200 OK
2022-05-16 00:03:24.132 DEBUG 15948 --- [main] o.s.web.client.RestTemplate              : Reading to [org.springframework.cloud.netflix.eureka.http.EurekaApplications]
2022-05-16 00:03:24.187 DEBUG 15948 --- [DiscoveryClient-InstanceInfoReplicator-0] o.s.web.client.RestTemplate              : HTTP POST http://localhost:8761/eureka/apps/CATALOG-SERVICE
2022-05-16 00:03:24.188 DEBUG 15948 --- [DiscoveryClient-InstanceInfoReplicator-0] o.s.web.client.RestTemplate              : Accept=[application/json, application/*+json]
2022-05-16 00:03:24.202 DEBUG 15948 --- [DiscoveryClient-InstanceInfoReplicator-0] o.s.web.client.RestTemplate              : Writing [InstanceInfo [instanceId = ITA-015-CL:CATALOG-SERVICE:9001, appName = CATALOG-SERVICE, hostName = localhost, status = UP, ipAddr = 192.168.1.72, port = 9001, securePort = 443, dataCenterInfo = com.netflix.appinfo.MyDataCenterInfo@32121140] as "application/json"
2022-05-16 00:03:24.273 DEBUG 15948 --- [DiscoveryClient-InstanceInfoReplicator-0] o.s.web.client.RestTemplate              : Response 204 NO_CONTENT
2022-05-16 00:03:54.178 DEBUG 15948 --- [DiscoveryClient-CacheRefreshExecutor-0] o.s.web.client.RestTemplate              : HTTP GET http://localhost:8761/eureka/apps/delta
2022-05-16 00:03:54.180 DEBUG 15948 --- [DiscoveryClient-CacheRefreshExecutor-0] o.s.web.client.RestTemplate              : Accept=[application/json, application/*+json]
2022-05-16 00:03:54.182 DEBUG 15948 --- [DiscoveryClient-HeartbeatExecutor-0] o.s.web.client.RestTemplate              : HTTP PUT http://localhost:8761/eureka/apps/CATALOG-SERVICE/ITA-015-CL:CATALOG-SERVICE:9001?status=UP&lastDirtyTimestamp=1652639604180
2022-05-16 00:03:54.188 DEBUG 15948 --- [DiscoveryClient-CacheRefreshExecutor-0] o.s.web.client.RestTemplate              : Response 200 OK
2022-05-16 00:03:54.190 DEBUG 15948 --- [DiscoveryClient-CacheRefreshExecutor-0] o.s.web.client.RestTemplate              : Reading to [org.springframework.cloud.netflix.eureka.http.EurekaApplications]
2022-05-16 00:03:54.213 DEBUG 15948 --- [DiscoveryClient-HeartbeatExecutor-0] o.s.web.client.RestTemplate              : Accept=[application/json, application/*+json]
2022-05-16 00:03:54.240 DEBUG 15948 --- [DiscoveryClient-HeartbeatExecutor-0] o.s.web.client.RestTemplate              : Response 200 OK
2022-05-16 00:03:56.357  INFO 15948 --- [http-nio-9001-exec-2] o.s.web.servlet.DispatcherServlet        : Initializing Servlet 'dispatcherServlet'
2022-05-16 00:03:56.358 DEBUG 15948 --- [http-nio-9001-exec-2] o.s.web.servlet.DispatcherServlet        : Detected StandardServletMultipartResolver
2022-05-16 00:03:56.358 DEBUG 15948 --- [http-nio-9001-exec-2] o.s.web.servlet.DispatcherServlet        : Detected AcceptHeaderLocaleResolver
2022-05-16 00:03:56.358 DEBUG 15948 --- [http-nio-9001-exec-2] o.s.web.servlet.DispatcherServlet        : Detected FixedThemeResolver
2022-05-16 00:03:56.360 DEBUG 15948 --- [http-nio-9001-exec-2] o.s.web.servlet.DispatcherServlet        : Detected org.springframework.web.servlet.view.DefaultRequestToViewNameTranslator@11a7840f
2022-05-16 00:03:56.360 DEBUG 15948 --- [http-nio-9001-exec-2] o.s.web.servlet.DispatcherServlet        : Detected org.springframework.web.servlet.support.SessionFlashMapManager@52c27d53
2022-05-16 00:03:56.360 DEBUG 15948 --- [http-nio-9001-exec-2] o.s.web.servlet.DispatcherServlet        : enableLoggingRequestDetails='false': request parameters and headers will be masked to prevent unsafe logging of potentially sensitive data
2022-05-16 00:03:56.360  INFO 15948 --- [http-nio-9001-exec-2] o.s.web.servlet.DispatcherServlet        : Completed initialization in 2 ms
2022-05-16 00:03:56.368 DEBUG 15948 --- [http-nio-9001-exec-2] o.s.web.servlet.DispatcherServlet        : POST "/catalog/category/", parameters={}
2022-05-16 00:03:56.376  WARN 15948 --- [http-nio-9001-exec-2] .w.s.m.s.DefaultHandlerExceptionResolver : Resolved [org.springframework.web.HttpRequestMethodNotSupportedException: Request method 'POST' not supported]
2022-05-16 00:03:56.377 DEBUG 15948 --- [http-nio-9001-exec-2] o.s.web.servlet.DispatcherServlet        : Completed 405 METHOD_NOT_ALLOWED
2022-05-16 00:03:56.381 DEBUG 15948 --- [http-nio-9001-exec-2] o.s.web.servlet.DispatcherServlet        : "ERROR" dispatch for POST "/error", parameters={}
2022-05-16 00:03:56.385 DEBUG 15948 --- [http-nio-9001-exec-2] s.w.s.m.m.a.RequestMappingHandlerMapping : Mapped to org.springframework.boot.autoconfigure.web.servlet.error.BasicErrorController#error(HttpServletRequest)
2022-05-16 00:03:56.489 DEBUG 15948 --- [http-nio-9001-exec-2] o.s.w.s.m.m.a.HttpEntityMethodProcessor  : Using 'application/json', given [*/*] and supported [application/json, application/*+json, application/json, application/*+json]
2022-05-16 00:03:56.490 DEBUG 15948 --- [http-nio-9001-exec-2] o.s.w.s.m.m.a.HttpEntityMethodProcessor  : Writing [{timestamp=Mon May 16 00:03:56 IST 2022, status=405, error=Method Not Allowed, path=/catalog/categor (truncated)...]
2022-05-16 00:03:56.502 DEBUG 15948 --- [http-nio-9001-exec-2] o.s.web.servlet.DispatcherServlet        : Exiting from "ERROR" dispatch, status 405
2022-05-16 00:04:13.565 DEBUG 15948 --- [http-nio-9001-exec-3] o.s.web.servlet.DispatcherServlet        : GET "/catalog/category/", parameters={}
2022-05-16 00:04:13.566 DEBUG 15948 --- [http-nio-9001-exec-3] s.w.s.m.m.a.RequestMappingHandlerMapping : Mapped to com.shopping.catalogservice.controller.CategoryController#categoryController()
2022-05-16 00:04:13.570 DEBUG 15948 --- [http-nio-9001-exec-3] m.m.a.RequestResponseBodyMethodProcessor : Using 'text/plain', given [*/*] and supported [text/plain, */*, text/plain, */*, application/json, application/*+json, application/json, application/*+json]
2022-05-16 00:04:13.570 DEBUG 15948 --- [http-nio-9001-exec-3] m.m.a.RequestResponseBodyMethodProcessor : Writing ["Welcome to category controller!"]
2022-05-16 00:04:13.572 DEBUG 15948 --- [http-nio-9001-exec-3] o.s.web.servlet.DispatcherServlet        : Completed 200 OK
2022-05-16 00:04:24.215 DEBUG 15948 --- [DiscoveryClient-CacheRefreshExecutor-0] o.s.web.client.RestTemplate              : HTTP GET http://localhost:8761/eureka/apps/delta
2022-05-16 00:04:24.216 DEBUG 15948 --- [DiscoveryClient-CacheRefreshExecutor-0] o.s.web.client.RestTemplate              : Accept=[application/json, application/*+json]
2022-05-16 00:04:24.223 DEBUG 15948 --- [DiscoveryClient-CacheRefreshExecutor-0] o.s.web.client.RestTemplate              : Response 200 OK
2022-05-16 00:04:24.224 DEBUG 15948 --- [DiscoveryClient-CacheRefreshExecutor-0] o.s.web.client.RestTemplate              : Reading to [org.springframework.cloud.netflix.eureka.http.EurekaApplications]
2022-05-16 00:04:24.246 DEBUG 15948 --- [DiscoveryClient-HeartbeatExecutor-0] o.s.web.client.RestTemplate              : HTTP PUT http://localhost:8761/eureka/apps/CATALOG-SERVICE/ITA-015-CL:CATALOG-SERVICE:9001?status=UP&lastDirtyTimestamp=1652639604180
2022-05-16 00:04:24.247 DEBUG 15948 --- [DiscoveryClient-HeartbeatExecutor-0] o.s.web.client.RestTemplate              : Accept=[application/json, application/*+json]
2022-05-16 00:04:24.253 DEBUG 15948 --- [DiscoveryClient-HeartbeatExecutor-0] o.s.web.client.RestTemplate              : Response 200 OK
2022-05-16 00:04:54.244 DEBUG 15948 --- [DiscoveryClient-CacheRefreshExecutor-0] o.s.web.client.RestTemplate              : HTTP GET http://localhost:8761/eureka/apps/delta
2022-05-16 00:04:54.245 DEBUG 15948 --- [DiscoveryClient-CacheRefreshExecutor-0] o.s.web.client.RestTemplate              : Accept=[application/json, application/*+json]
2022-05-16 00:04:54.252 DEBUG 15948 --- [DiscoveryClient-CacheRefreshExecutor-0] o.s.web.client.RestTemplate              : Response 200 OK
2022-05-16 00:04:54.252 DEBUG 15948 --- [DiscoveryClient-CacheRefreshExecutor-0] o.s.web.client.RestTemplate              : Reading to [org.springframework.cloud.netflix.eureka.http.EurekaApplications]
2022-05-16 00:04:54.260 DEBUG 15948 --- [DiscoveryClient-HeartbeatExecutor-0] o.s.web.client.RestTemplate              : HTTP PUT http://localhost:8761/eureka/apps/CATALOG-SERVICE/ITA-015-CL:CATALOG-SERVICE:9001?status=UP&lastDirtyTimestamp=1652639604180
2022-05-16 00:04:54.261 DEBUG 15948 --- [DiscoveryClient-HeartbeatExecutor-0] o.s.web.client.RestTemplate              : Accept=[application/json, application/*+json]
2022-05-16 00:04:54.269 DEBUG 15948 --- [DiscoveryClient-HeartbeatExecutor-0] o.s.web.client.RestTemplate              : Response 200 OK
2022-05-16 00:05:24.262 DEBUG 15948 --- [DiscoveryClient-CacheRefreshExecutor-0] o.s.web.client.RestTemplate              : HTTP GET http://localhost:8761/eureka/apps/delta
2022-05-16 00:05:24.263 DEBUG 15948 --- [DiscoveryClient-CacheRefreshExecutor-0] o.s.web.client.RestTemplate              : Accept=[application/json, application/*+json]
2022-05-16 00:05:24.269 DEBUG 15948 --- [DiscoveryClient-CacheRefreshExecutor-0] o.s.web.client.RestTemplate              : Response 200 OK
2022-05-16 00:05:24.271 DEBUG 15948 --- [DiscoveryClient-CacheRefreshExecutor-0] o.s.web.client.RestTemplate              : Reading to [org.springframework.cloud.netflix.eureka.http.EurekaApplications]
2022-05-16 00:05:24.277 DEBUG 15948 --- [DiscoveryClient-HeartbeatExecutor-0] o.s.web.client.RestTemplate              : HTTP PUT http://localhost:8761/eureka/apps/CATALOG-SERVICE/ITA-015-CL:CATALOG-SERVICE:9001?status=UP&lastDirtyTimestamp=1652639604180
2022-05-16 00:05:24.279 DEBUG 15948 --- [DiscoveryClient-HeartbeatExecutor-0] o.s.web.client.RestTemplate              : Accept=[application/json, application/*+json]
2022-05-16 00:05:24.285 DEBUG 15948 --- [DiscoveryClient-HeartbeatExecutor-0] o.s.web.client.RestTemplate              : Response 200 OK
2022-05-16 00:05:54.295 DEBUG 15948 --- [DiscoveryClient-HeartbeatExecutor-0] o.s.web.client.RestTemplate              : HTTP PUT http://localhost:8761/eureka/apps/CATALOG-SERVICE/ITA-015-CL:CATALOG-SERVICE:9001?status=UP&lastDirtyTimestamp=1652639604180
2022-05-16 00:05:54.295 DEBUG 15948 --- [DiscoveryClient-CacheRefreshExecutor-0] o.s.web.client.RestTemplate              : HTTP GET http://localhost:8761/eureka/apps/delta
2022-05-16 00:05:54.296 DEBUG 15948 --- [DiscoveryClient-HeartbeatExecutor-0] o.s.web.client.RestTemplate              : Accept=[application/json, application/*+json]
2022-05-16 00:05:54.297 DEBUG 15948 --- [DiscoveryClient-CacheRefreshExecutor-0] o.s.web.client.RestTemplate              : Accept=[application/json, application/*+json]
2022-05-16 00:05:54.305 DEBUG 15948 --- [DiscoveryClient-HeartbeatExecutor-0] o.s.web.client.RestTemplate              : Response 200 OK
2022-05-16 00:05:54.305 DEBUG 15948 --- [DiscoveryClient-CacheRefreshExecutor-0] o.s.web.client.RestTemplate              : Response 200 OK
2022-05-16 00:05:54.306 DEBUG 15948 --- [DiscoveryClient-CacheRefreshExecutor-0] o.s.web.client.RestTemplate              : Reading to [org.springframework.cloud.netflix.eureka.http.EurekaApplications]
2022-05-16 00:06:24.314 DEBUG 15948 --- [DiscoveryClient-CacheRefreshExecutor-0] o.s.web.client.RestTemplate              : HTTP GET http://localhost:8761/eureka/apps/delta
2022-05-16 00:06:24.314 DEBUG 15948 --- [DiscoveryClient-HeartbeatExecutor-0] o.s.web.client.RestTemplate              : HTTP PUT http://localhost:8761/eureka/apps/CATALOG-SERVICE/ITA-015-CL:CATALOG-SERVICE:9001?status=UP&lastDirtyTimestamp=1652639604180
2022-05-16 00:06:24.315 DEBUG 15948 --- [DiscoveryClient-CacheRefreshExecutor-0] o.s.web.client.RestTemplate              : Accept=[application/json, application/*+json]
2022-05-16 00:06:24.315 DEBUG 15948 --- [DiscoveryClient-HeartbeatExecutor-0] o.s.web.client.RestTemplate              : Accept=[application/json, application/*+json]
2022-05-16 00:06:24.321 DEBUG 15948 --- [DiscoveryClient-CacheRefreshExecutor-0] o.s.web.client.RestTemplate              : Response 200 OK
2022-05-16 00:06:24.323 DEBUG 15948 --- [DiscoveryClient-HeartbeatExecutor-0] o.s.web.client.RestTemplate              : Response 200 OK
2022-05-16 00:06:24.323 DEBUG 15948 --- [DiscoveryClient-CacheRefreshExecutor-0] o.s.web.client.RestTemplate              : Reading to [org.springframework.cloud.netflix.eureka.http.EurekaApplications]
2022-05-16 00:06:54.327 DEBUG 15948 --- [DiscoveryClient-HeartbeatExecutor-0] o.s.web.client.RestTemplate              : HTTP PUT http://localhost:8761/eureka/apps/CATALOG-SERVICE/ITA-015-CL:CATALOG-SERVICE:9001?status=UP&lastDirtyTimestamp=1652639604180
2022-05-16 00:06:54.329 DEBUG 15948 --- [DiscoveryClient-HeartbeatExecutor-0] o.s.web.client.RestTemplate              : Accept=[application/json, application/*+json]
2022-05-16 00:06:54.335 DEBUG 15948 --- [DiscoveryClient-HeartbeatExecutor-0] o.s.web.client.RestTemplate              : Response 200 OK
2022-05-16 00:06:54.338 DEBUG 15948 --- [DiscoveryClient-CacheRefreshExecutor-0] o.s.web.client.RestTemplate              : HTTP GET http://localhost:8761/eureka/apps/delta
2022-05-16 00:06:54.339 DEBUG 15948 --- [DiscoveryClient-CacheRefreshExecutor-0] o.s.web.client.RestTemplate              : Accept=[application/json, application/*+json]
2022-05-16 00:06:54.344 DEBUG 15948 --- [DiscoveryClient-CacheRefreshExecutor-0] o.s.web.client.RestTemplate              : Response 200 OK
2022-05-16 00:06:54.345 DEBUG 15948 --- [DiscoveryClient-CacheRefreshExecutor-0] o.s.web.client.RestTemplate              : Reading to [org.springframework.cloud.netflix.eureka.http.EurekaApplications]
2022-05-16 00:07:24.352 DEBUG 15948 --- [DiscoveryClient-HeartbeatExecutor-0] o.s.web.client.RestTemplate              : HTTP PUT http://localhost:8761/eureka/apps/CATALOG-SERVICE/ITA-015-CL:CATALOG-SERVICE:9001?status=UP&lastDirtyTimestamp=1652639604180
2022-05-16 00:07:24.354 DEBUG 15948 --- [DiscoveryClient-HeartbeatExecutor-0] o.s.web.client.RestTemplate              : Accept=[application/json, application/*+json]
2022-05-16 00:07:24.357 DEBUG 15948 --- [DiscoveryClient-CacheRefreshExecutor-0] o.s.web.client.RestTemplate              : HTTP GET http://localhost:8761/eureka/apps/delta
2022-05-16 00:07:24.360 DEBUG 15948 --- [DiscoveryClient-CacheRefreshExecutor-0] o.s.web.client.RestTemplate              : Accept=[application/json, application/*+json]
2022-05-16 00:07:24.366 DEBUG 15948 --- [DiscoveryClient-HeartbeatExecutor-0] o.s.web.client.RestTemplate              : Response 200 OK
2022-05-16 00:07:24.368 DEBUG 15948 --- [DiscoveryClient-CacheRefreshExecutor-0] o.s.web.client.RestTemplate              : Response 200 OK
2022-05-16 00:07:24.369 DEBUG 15948 --- [DiscoveryClient-CacheRefreshExecutor-0] o.s.web.client.RestTemplate              : Reading to [org.springframework.cloud.netflix.eureka.http.EurekaApplications]
2022-05-16 00:07:54.371 DEBUG 15948 --- [DiscoveryClient-HeartbeatExecutor-0] o.s.web.client.RestTemplate              : HTTP PUT http://localhost:8761/eureka/apps/CATALOG-SERVICE/ITA-015-CL:CATALOG-SERVICE:9001?status=UP&lastDirtyTimestamp=1652639604180
2022-05-16 00:07:54.372 DEBUG 15948 --- [DiscoveryClient-HeartbeatExecutor-0] o.s.web.client.RestTemplate              : Accept=[application/json, application/*+json]
2022-05-16 00:07:54.378 DEBUG 15948 --- [DiscoveryClient-HeartbeatExecutor-0] o.s.web.client.RestTemplate              : Response 200 OK
2022-05-16 00:07:54.379 DEBUG 15948 --- [DiscoveryClient-CacheRefreshExecutor-0] o.s.web.client.RestTemplate              : HTTP GET http://localhost:8761/eureka/apps/delta
2022-05-16 00:07:54.380 DEBUG 15948 --- [DiscoveryClient-CacheRefreshExecutor-0] o.s.web.client.RestTemplate              : Accept=[application/json, application/*+json]
2022-05-16 00:07:54.385 DEBUG 15948 --- [DiscoveryClient-CacheRefreshExecutor-0] o.s.web.client.RestTemplate              : Response 200 OK
2022-05-16 00:07:54.386 DEBUG 15948 --- [DiscoveryClient-CacheRefreshExecutor-0] o.s.web.client.RestTemplate              : Reading to [org.springframework.cloud.netflix.eureka.http.EurekaApplications]
2022-05-16 00:08:24.383 DEBUG 15948 --- [DiscoveryClient-HeartbeatExecutor-0] o.s.web.client.RestTemplate              : HTTP PUT http://localhost:8761/eureka/apps/CATALOG-SERVICE/ITA-015-CL:CATALOG-SERVICE:9001?status=UP&lastDirtyTimestamp=1652639604180
2022-05-16 00:08:24.384 DEBUG 15948 --- [DiscoveryClient-HeartbeatExecutor-0] o.s.web.client.RestTemplate              : Accept=[application/json, application/*+json]
2022-05-16 00:08:24.390 DEBUG 15948 --- [DiscoveryClient-HeartbeatExecutor-0] o.s.web.client.RestTemplate              : Response 200 OK
2022-05-16 00:08:24.392 DEBUG 15948 --- [DiscoveryClient-CacheRefreshExecutor-0] o.s.web.client.RestTemplate              : HTTP GET http://localhost:8761/eureka/apps/delta
2022-05-16 00:08:24.393 DEBUG 15948 --- [DiscoveryClient-CacheRefreshExecutor-0] o.s.web.client.RestTemplate              : Accept=[application/json, application/*+json]
2022-05-16 00:08:24.398 DEBUG 15948 --- [DiscoveryClient-CacheRefreshExecutor-0] o.s.web.client.RestTemplate              : Response 200 OK
2022-05-16 00:08:24.399 DEBUG 15948 --- [DiscoveryClient-CacheRefreshExecutor-0] o.s.web.client.RestTemplate              : Reading to [org.springframework.cloud.netflix.eureka.http.EurekaApplications]
2022-05-16 00:08:54.404 DEBUG 15948 --- [DiscoveryClient-HeartbeatExecutor-0] o.s.web.client.RestTemplate              : HTTP PUT http://localhost:8761/eureka/apps/CATALOG-SERVICE/ITA-015-CL:CATALOG-SERVICE:9001?status=UP&lastDirtyTimestamp=1652639604180
2022-05-16 00:08:54.405 DEBUG 15948 --- [DiscoveryClient-HeartbeatExecutor-0] o.s.web.client.RestTemplate              : Accept=[application/json, application/*+json]
2022-05-16 00:08:54.410 DEBUG 15948 --- [DiscoveryClient-HeartbeatExecutor-0] o.s.web.client.RestTemplate              : Response 200 OK
2022-05-16 00:08:54.412 DEBUG 15948 --- [DiscoveryClient-CacheRefreshExecutor-0] o.s.web.client.RestTemplate              : HTTP GET http://localhost:8761/eureka/apps/delta
2022-05-16 00:08:54.413 DEBUG 15948 --- [DiscoveryClient-CacheRefreshExecutor-0] o.s.web.client.RestTemplate              : Accept=[application/json, application/*+json]
2022-05-16 00:08:54.416 DEBUG 15948 --- [DiscoveryClient-CacheRefreshExecutor-0] o.s.web.client.RestTemplate              : Response 200 OK
2022-05-16 00:08:54.417 DEBUG 15948 --- [DiscoveryClient-CacheRefreshExecutor-0] o.s.web.client.RestTemplate              : Reading to [org.springframework.cloud.netflix.eureka.http.EurekaApplications]
2022-05-16 00:09:24.415 DEBUG 15948 --- [DiscoveryClient-HeartbeatExecutor-0] o.s.web.client.RestTemplate              : HTTP PUT http://localhost:8761/eureka/apps/CATALOG-SERVICE/ITA-015-CL:CATALOG-SERVICE:9001?status=UP&lastDirtyTimestamp=1652639604180
2022-05-16 00:09:24.416 DEBUG 15948 --- [DiscoveryClient-HeartbeatExecutor-0] o.s.web.client.RestTemplate              : Accept=[application/json, application/*+json]
2022-05-16 00:09:24.425 DEBUG 15948 --- [DiscoveryClient-HeartbeatExecutor-0] o.s.web.client.RestTemplate              : Response 200 OK
2022-05-16 00:09:24.427 DEBUG 15948 --- [DiscoveryClient-CacheRefreshExecutor-0] o.s.web.client.RestTemplate              : HTTP GET http://localhost:8761/eureka/apps/delta
2022-05-16 00:09:24.428 DEBUG 15948 --- [DiscoveryClient-CacheRefreshExecutor-0] o.s.web.client.RestTemplate              : Accept=[application/json, application/*+json]
2022-05-16 00:09:24.434 DEBUG 15948 --- [DiscoveryClient-CacheRefreshExecutor-0] o.s.web.client.RestTemplate              : Response 200 OK
2022-05-16 00:09:24.435 DEBUG 15948 --- [DiscoveryClient-CacheRefreshExecutor-0] o.s.web.client.RestTemplate              : Reading to [org.springframework.cloud.netflix.eureka.http.EurekaApplications]
2022-05-16 00:09:54.442 DEBUG 15948 --- [DiscoveryClient-CacheRefreshExecutor-0] o.s.web.client.RestTemplate              : HTTP GET http://localhost:8761/eureka/apps/delta
2022-05-16 00:09:54.442 DEBUG 15948 --- [DiscoveryClient-HeartbeatExecutor-0] o.s.web.client.RestTemplate              : HTTP PUT http://localhost:8761/eureka/apps/CATALOG-SERVICE/ITA-015-CL:CATALOG-SERVICE:9001?status=UP&lastDirtyTimestamp=1652639604180
2022-05-16 00:09:54.443 DEBUG 15948 --- [DiscoveryClient-CacheRefreshExecutor-0] o.s.web.client.RestTemplate              : Accept=[application/json, application/*+json]
2022-05-16 00:09:54.444 DEBUG 15948 --- [DiscoveryClient-HeartbeatExecutor-0] o.s.web.client.RestTemplate              : Accept=[application/json, application/*+json]
2022-05-16 00:09:54.449 DEBUG 15948 --- [DiscoveryClient-CacheRefreshExecutor-0] o.s.web.client.RestTemplate              : Response 200 OK
2022-05-16 00:09:54.449 DEBUG 15948 --- [DiscoveryClient-HeartbeatExecutor-0] o.s.web.client.RestTemplate              : Response 200 OK
2022-05-16 00:09:54.449 DEBUG 15948 --- [DiscoveryClient-CacheRefreshExecutor-0] o.s.web.client.RestTemplate              : Reading to [org.springframework.cloud.netflix.eureka.http.EurekaApplications]
2022-05-16 00:10:24.465 DEBUG 15948 --- [DiscoveryClient-CacheRefreshExecutor-0] o.s.web.client.RestTemplate              : HTTP GET http://localhost:8761/eureka/apps/delta
2022-05-16 00:10:24.465 DEBUG 15948 --- [DiscoveryClient-HeartbeatExecutor-0] o.s.web.client.RestTemplate              : HTTP PUT http://localhost:8761/eureka/apps/CATALOG-SERVICE/ITA-015-CL:CATALOG-SERVICE:9001?status=UP&lastDirtyTimestamp=1652639604180
2022-05-16 00:10:24.466 DEBUG 15948 --- [DiscoveryClient-HeartbeatExecutor-0] o.s.web.client.RestTemplate              : Accept=[application/json, application/*+json]
2022-05-16 00:10:24.466 DEBUG 15948 --- [DiscoveryClient-CacheRefreshExecutor-0] o.s.web.client.RestTemplate              : Accept=[application/json, application/*+json]
2022-05-16 00:10:24.472 DEBUG 15948 --- [DiscoveryClient-CacheRefreshExecutor-0] o.s.web.client.RestTemplate              : Response 200 OK
2022-05-16 00:10:24.473 DEBUG 15948 --- [DiscoveryClient-HeartbeatExecutor-0] o.s.web.client.RestTemplate              : Response 200 OK
2022-05-16 00:10:24.473 DEBUG 15948 --- [DiscoveryClient-CacheRefreshExecutor-0] o.s.web.client.RestTemplate              : Reading to [org.springframework.cloud.netflix.eureka.http.EurekaApplications]
2022-05-16 00:10:54.478 DEBUG 15948 --- [DiscoveryClient-CacheRefreshExecutor-0] o.s.web.client.RestTemplate              : HTTP GET http://localhost:8761/eureka/apps/delta
2022-05-16 00:10:54.478 DEBUG 15948 --- [DiscoveryClient-HeartbeatExecutor-0] o.s.web.client.RestTemplate              : HTTP PUT http://localhost:8761/eureka/apps/CATALOG-SERVICE/ITA-015-CL:CATALOG-SERVICE:9001?status=UP&lastDirtyTimestamp=1652639604180
2022-05-16 00:10:54.479 DEBUG 15948 --- [DiscoveryClient-CacheRefreshExecutor-0] o.s.web.client.RestTemplate              : Accept=[application/json, application/*+json]
2022-05-16 00:10:54.479 DEBUG 15948 --- [DiscoveryClient-HeartbeatExecutor-0] o.s.web.client.RestTemplate              : Accept=[application/json, application/*+json]
2022-05-16 00:10:54.484 DEBUG 15948 --- [DiscoveryClient-HeartbeatExecutor-0] o.s.web.client.RestTemplate              : Response 200 OK
2022-05-16 00:10:54.484 DEBUG 15948 --- [DiscoveryClient-CacheRefreshExecutor-0] o.s.web.client.RestTemplate              : Response 200 OK
2022-05-16 00:10:54.484 DEBUG 15948 --- [DiscoveryClient-CacheRefreshExecutor-0] o.s.web.client.RestTemplate              : Reading to [org.springframework.cloud.netflix.eureka.http.EurekaApplications]
2022-05-16 00:11:24.487 DEBUG 15948 --- [DiscoveryClient-HeartbeatExecutor-0] o.s.web.client.RestTemplate              : HTTP PUT http://localhost:8761/eureka/apps/CATALOG-SERVICE/ITA-015-CL:CATALOG-SERVICE:9001?status=UP&lastDirtyTimestamp=1652639604180
2022-05-16 00:11:24.487 DEBUG 15948 --- [DiscoveryClient-HeartbeatExecutor-0] o.s.web.client.RestTemplate              : Accept=[application/json, application/*+json]
2022-05-16 00:11:24.490 DEBUG 15948 --- [DiscoveryClient-HeartbeatExecutor-0] o.s.web.client.RestTemplate              : Response 200 OK
2022-05-16 00:11:24.503 DEBUG 15948 --- [DiscoveryClient-CacheRefreshExecutor-0] o.s.web.client.RestTemplate              : HTTP GET http://localhost:8761/eureka/apps/delta
2022-05-16 00:11:24.503 DEBUG 15948 --- [DiscoveryClient-CacheRefreshExecutor-0] o.s.web.client.RestTemplate              : Accept=[application/json, application/*+json]
2022-05-16 00:11:24.505 DEBUG 15948 --- [DiscoveryClient-CacheRefreshExecutor-0] o.s.web.client.RestTemplate              : Response 200 OK
2022-05-16 00:11:24.506 DEBUG 15948 --- [DiscoveryClient-CacheRefreshExecutor-0] o.s.web.client.RestTemplate              : Reading to [org.springframework.cloud.netflix.eureka.http.EurekaApplications]
2022-05-16 00:11:54.493 DEBUG 15948 --- [DiscoveryClient-HeartbeatExecutor-0] o.s.web.client.RestTemplate              : HTTP PUT http://localhost:8761/eureka/apps/CATALOG-SERVICE/ITA-015-CL:CATALOG-SERVICE:9001?status=UP&lastDirtyTimestamp=1652639604180
2022-05-16 00:11:54.493 DEBUG 15948 --- [DiscoveryClient-HeartbeatExecutor-0] o.s.web.client.RestTemplate              : Accept=[application/json, application/*+json]
2022-05-16 00:11:54.496 DEBUG 15948 --- [DiscoveryClient-HeartbeatExecutor-0] o.s.web.client.RestTemplate              : Response 200 OK
2022-05-16 00:11:54.509 DEBUG 15948 --- [DiscoveryClient-CacheRefreshExecutor-0] o.s.web.client.RestTemplate              : HTTP GET http://localhost:8761/eureka/apps/delta
2022-05-16 00:11:54.509 DEBUG 15948 --- [DiscoveryClient-CacheRefreshExecutor-0] o.s.web.client.RestTemplate              : Accept=[application/json, application/*+json]
2022-05-16 00:11:54.511 DEBUG 15948 --- [DiscoveryClient-CacheRefreshExecutor-0] o.s.web.client.RestTemplate              : Response 200 OK
2022-05-16 00:11:54.512 DEBUG 15948 --- [DiscoveryClient-CacheRefreshExecutor-0] o.s.web.client.RestTemplate              : Reading to [org.springframework.cloud.netflix.eureka.http.EurekaApplications]
2022-05-16 00:12:24.511 DEBUG 15948 --- [DiscoveryClient-HeartbeatExecutor-0] o.s.web.client.RestTemplate              : HTTP PUT http://localhost:8761/eureka/apps/CATALOG-SERVICE/ITA-015-CL:CATALOG-SERVICE:9001?status=UP&lastDirtyTimestamp=1652639604180
2022-05-16 00:12:24.511 DEBUG 15948 --- [DiscoveryClient-HeartbeatExecutor-0] o.s.web.client.RestTemplate              : Accept=[application/json, application/*+json]
2022-05-16 00:12:24.513 DEBUG 15948 --- [DiscoveryClient-HeartbeatExecutor-0] o.s.web.client.RestTemplate              : Response 200 OK
2022-05-16 00:12:24.514 DEBUG 15948 --- [DiscoveryClient-CacheRefreshExecutor-0] o.s.web.client.RestTemplate              : HTTP GET http://localhost:8761/eureka/apps/delta
2022-05-16 00:12:24.514 DEBUG 15948 --- [DiscoveryClient-CacheRefreshExecutor-0] o.s.web.client.RestTemplate              : Accept=[application/json, application/*+json]
2022-05-16 00:12:24.516 DEBUG 15948 --- [DiscoveryClient-CacheRefreshExecutor-0] o.s.web.client.RestTemplate              : Response 200 OK
2022-05-16 00:12:24.516 DEBUG 15948 --- [DiscoveryClient-CacheRefreshExecutor-0] o.s.web.client.RestTemplate              : Reading to [org.springframework.cloud.netflix.eureka.http.EurekaApplications]
2022-05-16 00:12:54.522 DEBUG 15948 --- [DiscoveryClient-HeartbeatExecutor-0] o.s.web.client.RestTemplate              : HTTP PUT http://localhost:8761/eureka/apps/CATALOG-SERVICE/ITA-015-CL:CATALOG-SERVICE:9001?status=UP&lastDirtyTimestamp=1652639604180
2022-05-16 00:12:54.522 DEBUG 15948 --- [DiscoveryClient-CacheRefreshExecutor-0] o.s.web.client.RestTemplate              : HTTP GET http://localhost:8761/eureka/apps/delta
2022-05-16 00:12:54.523 DEBUG 15948 --- [DiscoveryClient-HeartbeatExecutor-0] o.s.web.client.RestTemplate              : Accept=[application/json, application/*+json]
2022-05-16 00:12:54.523 DEBUG 15948 --- [DiscoveryClient-CacheRefreshExecutor-0] o.s.web.client.RestTemplate              : Accept=[application/json, application/*+json]
2022-05-16 00:12:54.526 DEBUG 15948 --- [DiscoveryClient-HeartbeatExecutor-0] o.s.web.client.RestTemplate              : Response 200 OK
2022-05-16 00:12:54.526 DEBUG 15948 --- [DiscoveryClient-CacheRefreshExecutor-0] o.s.web.client.RestTemplate              : Response 200 OK
2022-05-16 00:12:54.526 DEBUG 15948 --- [DiscoveryClient-CacheRefreshExecutor-0] o.s.web.client.RestTemplate              : Reading to [org.springframework.cloud.netflix.eureka.http.EurekaApplications]
2022-05-16 00:13:24.530 DEBUG 15948 --- [DiscoveryClient-HeartbeatExecutor-0] o.s.web.client.RestTemplate              : HTTP PUT http://localhost:8761/eureka/apps/CATALOG-SERVICE/ITA-015-CL:CATALOG-SERVICE:9001?status=UP&lastDirtyTimestamp=1652639604180
2022-05-16 00:13:24.530 DEBUG 15948 --- [DiscoveryClient-CacheRefreshExecutor-0] o.s.web.client.RestTemplate              : HTTP GET http://localhost:8761/eureka/apps/delta
2022-05-16 00:13:24.530 DEBUG 15948 --- [DiscoveryClient-HeartbeatExecutor-0] o.s.web.client.RestTemplate              : Accept=[application/json, application/*+json]
2022-05-16 00:13:24.530 DEBUG 15948 --- [DiscoveryClient-CacheRefreshExecutor-0] o.s.web.client.RestTemplate              : Accept=[application/json, application/*+json]
2022-05-16 00:13:24.532 DEBUG 15948 --- [DiscoveryClient-HeartbeatExecutor-0] o.s.web.client.RestTemplate              : Response 200 OK
2022-05-16 00:13:24.532 DEBUG 15948 --- [DiscoveryClient-CacheRefreshExecutor-0] o.s.web.client.RestTemplate              : Response 200 OK
2022-05-16 00:13:24.533 DEBUG 15948 --- [DiscoveryClient-CacheRefreshExecutor-0] o.s.web.client.RestTemplate              : Reading to [org.springframework.cloud.netflix.eureka.http.EurekaApplications]
2022-05-16 00:13:54.535 DEBUG 15948 --- [DiscoveryClient-CacheRefreshExecutor-0] o.s.web.client.RestTemplate              : HTTP GET http://localhost:8761/eureka/apps/delta
2022-05-16 00:13:54.535 DEBUG 15948 --- [DiscoveryClient-HeartbeatExecutor-0] o.s.web.client.RestTemplate              : HTTP PUT http://localhost:8761/eureka/apps/CATALOG-SERVICE/ITA-015-CL:CATALOG-SERVICE:9001?status=UP&lastDirtyTimestamp=1652639604180
2022-05-16 00:13:54.535 DEBUG 15948 --- [DiscoveryClient-HeartbeatExecutor-0] o.s.web.client.RestTemplate              : Accept=[application/json, application/*+json]
2022-05-16 00:13:54.535 DEBUG 15948 --- [DiscoveryClient-CacheRefreshExecutor-0] o.s.web.client.RestTemplate              : Accept=[application/json, application/*+json]
2022-05-16 00:13:54.538 DEBUG 15948 --- [DiscoveryClient-HeartbeatExecutor-0] o.s.web.client.RestTemplate              : Response 200 OK
2022-05-16 00:13:54.538 DEBUG 15948 --- [DiscoveryClient-CacheRefreshExecutor-0] o.s.web.client.RestTemplate              : Response 200 OK
2022-05-16 00:13:54.538 DEBUG 15948 --- [DiscoveryClient-CacheRefreshExecutor-0] o.s.web.client.RestTemplate              : Reading to [org.springframework.cloud.netflix.eureka.http.EurekaApplications]
2022-05-16 00:14:24.545 DEBUG 15948 --- [DiscoveryClient-CacheRefreshExecutor-0] o.s.web.client.RestTemplate              : HTTP GET http://localhost:8761/eureka/apps/delta
2022-05-16 00:14:24.545 DEBUG 15948 --- [DiscoveryClient-HeartbeatExecutor-0] o.s.web.client.RestTemplate              : HTTP PUT http://localhost:8761/eureka/apps/CATALOG-SERVICE/ITA-015-CL:CATALOG-SERVICE:9001?status=UP&lastDirtyTimestamp=1652639604180
2022-05-16 00:14:24.545 DEBUG 15948 --- [DiscoveryClient-CacheRefreshExecutor-0] o.s.web.client.RestTemplate              : Accept=[application/json, application/*+json]
2022-05-16 00:14:24.545 DEBUG 15948 --- [DiscoveryClient-HeartbeatExecutor-0] o.s.web.client.RestTemplate              : Accept=[application/json, application/*+json]
2022-05-16 00:14:24.548 DEBUG 15948 --- [DiscoveryClient-HeartbeatExecutor-0] o.s.web.client.RestTemplate              : Response 200 OK
2022-05-16 00:14:24.548 DEBUG 15948 --- [DiscoveryClient-CacheRefreshExecutor-0] o.s.web.client.RestTemplate              : Response 200 OK
2022-05-16 00:14:24.548 DEBUG 15948 --- [DiscoveryClient-CacheRefreshExecutor-0] o.s.web.client.RestTemplate              : Reading to [org.springframework.cloud.netflix.eureka.http.EurekaApplications]
2022-05-16 00:14:54.557 DEBUG 15948 --- [DiscoveryClient-CacheRefreshExecutor-0] o.s.web.client.RestTemplate              : HTTP GET http://localhost:8761/eureka/apps/delta
2022-05-16 00:14:54.557 DEBUG 15948 --- [DiscoveryClient-HeartbeatExecutor-0] o.s.web.client.RestTemplate              : HTTP PUT http://localhost:8761/eureka/apps/CATALOG-SERVICE/ITA-015-CL:CATALOG-SERVICE:9001?status=UP&lastDirtyTimestamp=1652639604180
2022-05-16 00:14:54.558 DEBUG 15948 --- [DiscoveryClient-CacheRefreshExecutor-0] o.s.web.client.RestTemplate              : Accept=[application/json, application/*+json]
2022-05-16 00:14:54.558 DEBUG 15948 --- [DiscoveryClient-HeartbeatExecutor-0] o.s.web.client.RestTemplate              : Accept=[application/json, application/*+json]
2022-05-16 00:14:54.561 DEBUG 15948 --- [DiscoveryClient-CacheRefreshExecutor-0] o.s.web.client.RestTemplate              : Response 200 OK
2022-05-16 00:14:54.561 DEBUG 15948 --- [DiscoveryClient-HeartbeatExecutor-0] o.s.web.client.RestTemplate              : Response 200 OK
2022-05-16 00:14:54.562 DEBUG 15948 --- [DiscoveryClient-CacheRefreshExecutor-0] o.s.web.client.RestTemplate              : Reading to [org.springframework.cloud.netflix.eureka.http.EurekaApplications]
2022-05-16 00:15:24.577 DEBUG 15948 --- [DiscoveryClient-CacheRefreshExecutor-0] o.s.web.client.RestTemplate              : HTTP GET http://localhost:8761/eureka/apps/delta
2022-05-16 00:15:24.577 DEBUG 15948 --- [DiscoveryClient-HeartbeatExecutor-0] o.s.web.client.RestTemplate              : HTTP PUT http://localhost:8761/eureka/apps/CATALOG-SERVICE/ITA-015-CL:CATALOG-SERVICE:9001?status=UP&lastDirtyTimestamp=1652639604180
2022-05-16 00:15:24.577 DEBUG 15948 --- [DiscoveryClient-HeartbeatExecutor-0] o.s.web.client.RestTemplate              : Accept=[application/json, application/*+json]
2022-05-16 00:15:24.577 DEBUG 15948 --- [DiscoveryClient-CacheRefreshExecutor-0] o.s.web.client.RestTemplate              : Accept=[application/json, application/*+json]
2022-05-16 00:15:24.579 DEBUG 15948 --- [DiscoveryClient-HeartbeatExecutor-0] o.s.web.client.RestTemplate              : Response 200 OK
2022-05-16 00:15:24.579 DEBUG 15948 --- [DiscoveryClient-CacheRefreshExecutor-0] o.s.web.client.RestTemplate              : Response 200 OK
2022-05-16 00:15:24.580 DEBUG 15948 --- [DiscoveryClient-CacheRefreshExecutor-0] o.s.web.client.RestTemplate              : Reading to [org.springframework.cloud.netflix.eureka.http.EurekaApplications]
2022-05-16 00:15:54.586 DEBUG 15948 --- [DiscoveryClient-CacheRefreshExecutor-0] o.s.web.client.RestTemplate              : HTTP GET http://localhost:8761/eureka/apps/delta
2022-05-16 00:15:54.586 DEBUG 15948 --- [DiscoveryClient-HeartbeatExecutor-0] o.s.web.client.RestTemplate              : HTTP PUT http://localhost:8761/eureka/apps/CATALOG-SERVICE/ITA-015-CL:CATALOG-SERVICE:9001?status=UP&lastDirtyTimestamp=1652639604180
2022-05-16 00:15:54.586 DEBUG 15948 --- [DiscoveryClient-CacheRefreshExecutor-0] o.s.web.client.RestTemplate              : Accept=[application/json, application/*+json]
2022-05-16 00:15:54.586 DEBUG 15948 --- [DiscoveryClient-HeartbeatExecutor-0] o.s.web.client.RestTemplate              : Accept=[application/json, application/*+json]
2022-05-16 00:15:54.588 DEBUG 15948 --- [DiscoveryClient-CacheRefreshExecutor-0] o.s.web.client.RestTemplate              : Response 200 OK
2022-05-16 00:15:54.588 DEBUG 15948 --- [DiscoveryClient-HeartbeatExecutor-0] o.s.web.client.RestTemplate              : Response 200 OK
2022-05-16 00:15:54.589 DEBUG 15948 --- [DiscoveryClient-CacheRefreshExecutor-0] o.s.web.client.RestTemplate              : Reading to [org.springframework.cloud.netflix.eureka.http.EurekaApplications]
2022-05-16 00:16:24.595 DEBUG 15948 --- [DiscoveryClient-CacheRefreshExecutor-0] o.s.web.client.RestTemplate              : HTTP GET http://localhost:8761/eureka/apps/delta
2022-05-16 00:16:24.595 DEBUG 15948 --- [DiscoveryClient-HeartbeatExecutor-0] o.s.web.client.RestTemplate              : HTTP PUT http://localhost:8761/eureka/apps/CATALOG-SERVICE/ITA-015-CL:CATALOG-SERVICE:9001?status=UP&lastDirtyTimestamp=1652639604180
2022-05-16 00:16:24.596 DEBUG 15948 --- [DiscoveryClient-HeartbeatExecutor-0] o.s.web.client.RestTemplate              : Accept=[application/json, application/*+json]
2022-05-16 00:16:24.596 DEBUG 15948 --- [DiscoveryClient-CacheRefreshExecutor-0] o.s.web.client.RestTemplate              : Accept=[application/json, application/*+json]
2022-05-16 00:16:24.601 DEBUG 15948 --- [DiscoveryClient-CacheRefreshExecutor-0] o.s.web.client.RestTemplate              : Response 200 OK
2022-05-16 00:16:24.601 DEBUG 15948 --- [DiscoveryClient-HeartbeatExecutor-0] o.s.web.client.RestTemplate              : Response 200 OK
2022-05-16 00:16:24.602 DEBUG 15948 --- [DiscoveryClient-CacheRefreshExecutor-0] o.s.web.client.RestTemplate              : Reading to [org.springframework.cloud.netflix.eureka.http.EurekaApplications]
2022-05-16 00:16:54.619 DEBUG 15948 --- [DiscoveryClient-CacheRefreshExecutor-0] o.s.web.client.RestTemplate              : HTTP GET http://localhost:8761/eureka/apps/delta
2022-05-16 00:16:54.619 DEBUG 15948 --- [DiscoveryClient-HeartbeatExecutor-0] o.s.web.client.RestTemplate              : HTTP PUT http://localhost:8761/eureka/apps/CATALOG-SERVICE/ITA-015-CL:CATALOG-SERVICE:9001?status=UP&lastDirtyTimestamp=1652639604180
2022-05-16 00:16:54.620 DEBUG 15948 --- [DiscoveryClient-CacheRefreshExecutor-0] o.s.web.client.RestTemplate              : Accept=[application/json, application/*+json]
2022-05-16 00:16:54.620 DEBUG 15948 --- [DiscoveryClient-HeartbeatExecutor-0] o.s.web.client.RestTemplate              : Accept=[application/json, application/*+json]
2022-05-16 00:16:54.625 DEBUG 15948 --- [DiscoveryClient-CacheRefreshExecutor-0] o.s.web.client.RestTemplate              : Response 200 OK
2022-05-16 00:16:54.625 DEBUG 15948 --- [DiscoveryClient-HeartbeatExecutor-0] o.s.web.client.RestTemplate              : Response 200 OK
2022-05-16 00:16:54.626 DEBUG 15948 --- [DiscoveryClient-CacheRefreshExecutor-0] o.s.web.client.RestTemplate              : Reading to [org.springframework.cloud.netflix.eureka.http.EurekaApplications]
2022-05-16 00:17:23.271 DEBUG 15948 --- [http-nio-9001-exec-6] o.s.web.servlet.DispatcherServlet        : GET "/catalog/category/", parameters={}
2022-05-16 00:17:23.271 DEBUG 15948 --- [http-nio-9001-exec-6] s.w.s.m.m.a.RequestMappingHandlerMapping : Mapped to com.shopping.catalogservice.controller.CategoryController#categoryController()
2022-05-16 00:17:23.272 DEBUG 15948 --- [http-nio-9001-exec-6] m.m.a.RequestResponseBodyMethodProcessor : Using 'text/plain', given [*/*] and supported [text/plain, */*, text/plain, */*, application/json, application/*+json, application/json, application/*+json]
2022-05-16 00:17:23.272 DEBUG 15948 --- [http-nio-9001-exec-6] m.m.a.RequestResponseBodyMethodProcessor : Writing ["Welcome to category controller!"]
2022-05-16 00:17:23.273 DEBUG 15948 --- [http-nio-9001-exec-6] o.s.web.servlet.DispatcherServlet        : Completed 200 OK
2022-05-16 00:17:24.630 DEBUG 15948 --- [DiscoveryClient-HeartbeatExecutor-0] o.s.web.client.RestTemplate              : HTTP PUT http://localhost:8761/eureka/apps/CATALOG-SERVICE/ITA-015-CL:CATALOG-SERVICE:9001?status=UP&lastDirtyTimestamp=1652639604180
2022-05-16 00:17:24.630 DEBUG 15948 --- [DiscoveryClient-CacheRefreshExecutor-0] o.s.web.client.RestTemplate              : HTTP GET http://localhost:8761/eureka/apps/delta
2022-05-16 00:17:24.631 DEBUG 15948 --- [DiscoveryClient-CacheRefreshExecutor-0] o.s.web.client.RestTemplate              : Accept=[application/json, application/*+json]
2022-05-16 00:17:24.631 DEBUG 15948 --- [DiscoveryClient-HeartbeatExecutor-0] o.s.web.client.RestTemplate              : Accept=[application/json, application/*+json]
2022-05-16 00:17:24.635 DEBUG 15948 --- [DiscoveryClient-CacheRefreshExecutor-0] o.s.web.client.RestTemplate              : Response 200 OK
2022-05-16 00:17:24.636 DEBUG 15948 --- [DiscoveryClient-HeartbeatExecutor-0] o.s.web.client.RestTemplate              : Response 200 OK
2022-05-16 00:17:24.636 DEBUG 15948 --- [DiscoveryClient-CacheRefreshExecutor-0] o.s.web.client.RestTemplate              : Reading to [org.springframework.cloud.netflix.eureka.http.EurekaApplications]
2022-05-16 00:17:54.639 DEBUG 15948 --- [DiscoveryClient-CacheRefreshExecutor-0] o.s.web.client.RestTemplate              : HTTP GET http://localhost:8761/eureka/apps/delta
2022-05-16 00:17:54.639 DEBUG 15948 --- [DiscoveryClient-HeartbeatExecutor-0] o.s.web.client.RestTemplate              : HTTP PUT http://localhost:8761/eureka/apps/CATALOG-SERVICE/ITA-015-CL:CATALOG-SERVICE:9001?status=UP&lastDirtyTimestamp=1652639604180
2022-05-16 00:17:54.639 DEBUG 15948 --- [DiscoveryClient-CacheRefreshExecutor-0] o.s.web.client.RestTemplate              : Accept=[application/json, application/*+json]
2022-05-16 00:17:54.639 DEBUG 15948 --- [DiscoveryClient-HeartbeatExecutor-0] o.s.web.client.RestTemplate              : Accept=[application/json, application/*+json]
2022-05-16 00:17:54.642 DEBUG 15948 --- [DiscoveryClient-CacheRefreshExecutor-0] o.s.web.client.RestTemplate              : Response 200 OK
2022-05-16 00:17:54.642 DEBUG 15948 --- [DiscoveryClient-HeartbeatExecutor-0] o.s.web.client.RestTemplate              : Response 200 OK
2022-05-16 00:17:54.642 DEBUG 15948 --- [DiscoveryClient-CacheRefreshExecutor-0] o.s.web.client.RestTemplate              : Reading to [org.springframework.cloud.netflix.eureka.http.EurekaApplications]
2022-05-16 00:18:24.647 DEBUG 15948 --- [DiscoveryClient-CacheRefreshExecutor-0] o.s.web.client.RestTemplate              : HTTP GET http://localhost:8761/eureka/apps/delta
2022-05-16 00:18:24.647 DEBUG 15948 --- [DiscoveryClient-HeartbeatExecutor-0] o.s.web.client.RestTemplate              : HTTP PUT http://localhost:8761/eureka/apps/CATALOG-SERVICE/ITA-015-CL:CATALOG-SERVICE:9001?status=UP&lastDirtyTimestamp=1652639604180
2022-05-16 00:18:24.648 DEBUG 15948 --- [DiscoveryClient-HeartbeatExecutor-0] o.s.web.client.RestTemplate              : Accept=[application/json, application/*+json]
2022-05-16 00:18:24.648 DEBUG 15948 --- [DiscoveryClient-CacheRefreshExecutor-0] o.s.web.client.RestTemplate              : Accept=[application/json, application/*+json]
2022-05-16 00:18:24.653 DEBUG 15948 --- [DiscoveryClient-CacheRefreshExecutor-0] o.s.web.client.RestTemplate              : Response 200 OK
2022-05-16 00:18:24.653 DEBUG 15948 --- [DiscoveryClient-HeartbeatExecutor-0] o.s.web.client.RestTemplate              : Response 200 OK
2022-05-16 00:18:24.654 DEBUG 15948 --- [DiscoveryClient-CacheRefreshExecutor-0] o.s.web.client.RestTemplate              : Reading to [org.springframework.cloud.netflix.eureka.http.EurekaApplications]
2022-05-16 00:18:54.665 DEBUG 15948 --- [DiscoveryClient-CacheRefreshExecutor-0] o.s.web.client.RestTemplate              : HTTP GET http://localhost:8761/eureka/apps/delta
2022-05-16 00:18:54.665 DEBUG 15948 --- [DiscoveryClient-HeartbeatExecutor-0] o.s.web.client.RestTemplate              : HTTP PUT http://localhost:8761/eureka/apps/CATALOG-SERVICE/ITA-015-CL:CATALOG-SERVICE:9001?status=UP&lastDirtyTimestamp=1652639604180
2022-05-16 00:18:54.665 DEBUG 15948 --- [DiscoveryClient-CacheRefreshExecutor-0] o.s.web.client.RestTemplate              : Accept=[application/json, application/*+json]
2022-05-16 00:18:54.665 DEBUG 15948 --- [DiscoveryClient-HeartbeatExecutor-0] o.s.web.client.RestTemplate              : Accept=[application/json, application/*+json]
2022-05-16 00:18:54.670 DEBUG 15948 --- [DiscoveryClient-CacheRefreshExecutor-0] o.s.web.client.RestTemplate              : Response 200 OK
2022-05-16 00:18:54.670 DEBUG 15948 --- [DiscoveryClient-HeartbeatExecutor-0] o.s.web.client.RestTemplate              : Response 200 OK
2022-05-16 00:18:54.671 DEBUG 15948 --- [DiscoveryClient-CacheRefreshExecutor-0] o.s.web.client.RestTemplate              : Reading to [org.springframework.cloud.netflix.eureka.http.EurekaApplications]
2022-05-16 00:19:24.687 DEBUG 15948 --- [DiscoveryClient-CacheRefreshExecutor-0] o.s.web.client.RestTemplate              : HTTP GET http://localhost:8761/eureka/apps/delta
2022-05-16 00:19:24.687 DEBUG 15948 --- [DiscoveryClient-HeartbeatExecutor-0] o.s.web.client.RestTemplate              : HTTP PUT http://localhost:8761/eureka/apps/CATALOG-SERVICE/ITA-015-CL:CATALOG-SERVICE:9001?status=UP&lastDirtyTimestamp=1652639604180
2022-05-16 00:19:24.688 DEBUG 15948 --- [DiscoveryClient-CacheRefreshExecutor-0] o.s.web.client.RestTemplate              : Accept=[application/json, application/*+json]
2022-05-16 00:19:24.688 DEBUG 15948 --- [DiscoveryClient-HeartbeatExecutor-0] o.s.web.client.RestTemplate              : Accept=[application/json, application/*+json]
2022-05-16 00:19:24.693 DEBUG 15948 --- [DiscoveryClient-CacheRefreshExecutor-0] o.s.web.client.RestTemplate              : Response 200 OK
2022-05-16 00:19:24.694 DEBUG 15948 --- [DiscoveryClient-CacheRefreshExecutor-0] o.s.web.client.RestTemplate              : Reading to [org.springframework.cloud.netflix.eureka.http.EurekaApplications]
2022-05-16 00:19:24.694 DEBUG 15948 --- [DiscoveryClient-HeartbeatExecutor-0] o.s.web.client.RestTemplate              : Response 200 OK
2022-05-16 00:19:54.708 DEBUG 15948 --- [DiscoveryClient-CacheRefreshExecutor-0] o.s.web.client.RestTemplate              : HTTP GET http://localhost:8761/eureka/apps/delta
2022-05-16 00:19:54.708 DEBUG 15948 --- [DiscoveryClient-HeartbeatExecutor-0] o.s.web.client.RestTemplate              : HTTP PUT http://localhost:8761/eureka/apps/CATALOG-SERVICE/ITA-015-CL:CATALOG-SERVICE:9001?status=UP&lastDirtyTimestamp=1652639604180
2022-05-16 00:19:54.709 DEBUG 15948 --- [DiscoveryClient-HeartbeatExecutor-0] o.s.web.client.RestTemplate              : Accept=[application/json, application/*+json]
2022-05-16 00:19:54.709 DEBUG 15948 --- [DiscoveryClient-CacheRefreshExecutor-0] o.s.web.client.RestTemplate              : Accept=[application/json, application/*+json]
2022-05-16 00:19:54.713 DEBUG 15948 --- [DiscoveryClient-CacheRefreshExecutor-0] o.s.web.client.RestTemplate              : Response 200 OK
2022-05-16 00:19:54.714 DEBUG 15948 --- [DiscoveryClient-HeartbeatExecutor-0] o.s.web.client.RestTemplate              : Response 200 OK
2022-05-16 00:19:54.714 DEBUG 15948 --- [DiscoveryClient-CacheRefreshExecutor-0] o.s.web.client.RestTemplate              : Reading to [org.springframework.cloud.netflix.eureka.http.EurekaApplications]
2022-05-16 00:19:57.647 DEBUG 15948 --- [http-nio-9001-exec-9] o.s.web.servlet.DispatcherServlet        : GET "/catalog/category/", parameters={}
2022-05-16 00:19:57.649 DEBUG 15948 --- [http-nio-9001-exec-9] s.w.s.m.m.a.RequestMappingHandlerMapping : Mapped to com.shopping.catalogservice.controller.CategoryController#categoryController()
2022-05-16 00:19:57.652 DEBUG 15948 --- [http-nio-9001-exec-9] m.m.a.RequestResponseBodyMethodProcessor : Using 'text/plain', given [*/*] and supported [text/plain, */*, text/plain, */*, application/json, application/*+json, application/json, application/*+json]
2022-05-16 00:19:57.653 DEBUG 15948 --- [http-nio-9001-exec-9] m.m.a.RequestResponseBodyMethodProcessor : Writing ["Welcome to category controller!"]
2022-05-16 00:19:57.656 DEBUG 15948 --- [http-nio-9001-exec-9] o.s.web.servlet.DispatcherServlet        : Completed 200 OK
2022-05-16 00:20:24.730 DEBUG 15948 --- [DiscoveryClient-CacheRefreshExecutor-0] o.s.web.client.RestTemplate              : HTTP GET http://localhost:8761/eureka/apps/delta
2022-05-16 00:20:24.730 DEBUG 15948 --- [DiscoveryClient-HeartbeatExecutor-0] o.s.web.client.RestTemplate              : HTTP PUT http://localhost:8761/eureka/apps/CATALOG-SERVICE/ITA-015-CL:CATALOG-SERVICE:9001?status=UP&lastDirtyTimestamp=1652639604180
2022-05-16 00:20:24.732 DEBUG 15948 --- [DiscoveryClient-HeartbeatExecutor-0] o.s.web.client.RestTemplate              : Accept=[application/json, application/*+json]
2022-05-16 00:20:24.732 DEBUG 15948 --- [DiscoveryClient-CacheRefreshExecutor-0] o.s.web.client.RestTemplate              : Accept=[application/json, application/*+json]
2022-05-16 00:20:24.736 DEBUG 15948 --- [DiscoveryClient-HeartbeatExecutor-0] o.s.web.client.RestTemplate              : Response 200 OK
2022-05-16 00:20:24.736 DEBUG 15948 --- [DiscoveryClient-CacheRefreshExecutor-0] o.s.web.client.RestTemplate              : Response 200 OK
2022-05-16 00:20:24.738 DEBUG 15948 --- [DiscoveryClient-CacheRefreshExecutor-0] o.s.web.client.RestTemplate              : Reading to [org.springframework.cloud.netflix.eureka.http.EurekaApplications]
2022-05-16 00:20:54.752 DEBUG 15948 --- [DiscoveryClient-CacheRefreshExecutor-0] o.s.web.client.RestTemplate              : HTTP GET http://localhost:8761/eureka/apps/delta
2022-05-16 00:20:54.752 DEBUG 15948 --- [DiscoveryClient-HeartbeatExecutor-0] o.s.web.client.RestTemplate              : HTTP PUT http://localhost:8761/eureka/apps/CATALOG-SERVICE/ITA-015-CL:CATALOG-SERVICE:9001?status=UP&lastDirtyTimestamp=1652639604180
2022-05-16 00:20:54.753 DEBUG 15948 --- [DiscoveryClient-CacheRefreshExecutor-0] o.s.web.client.RestTemplate              : Accept=[application/json, application/*+json]
2022-05-16 00:20:54.753 DEBUG 15948 --- [DiscoveryClient-HeartbeatExecutor-0] o.s.web.client.RestTemplate              : Accept=[application/json, application/*+json]
2022-05-16 00:20:54.757 DEBUG 15948 --- [DiscoveryClient-CacheRefreshExecutor-0] o.s.web.client.RestTemplate              : Response 200 OK
2022-05-16 00:20:54.757 DEBUG 15948 --- [DiscoveryClient-HeartbeatExecutor-0] o.s.web.client.RestTemplate              : Response 200 OK
2022-05-16 00:20:54.758 DEBUG 15948 --- [DiscoveryClient-CacheRefreshExecutor-0] o.s.web.client.RestTemplate              : Reading to [org.springframework.cloud.netflix.eureka.http.EurekaApplications]
2022-05-16 00:21:24.765 DEBUG 15948 --- [DiscoveryClient-CacheRefreshExecutor-0] o.s.web.client.RestTemplate              : HTTP GET http://localhost:8761/eureka/apps/delta
2022-05-16 00:21:24.765 DEBUG 15948 --- [DiscoveryClient-HeartbeatExecutor-0] o.s.web.client.RestTemplate              : HTTP PUT http://localhost:8761/eureka/apps/CATALOG-SERVICE/ITA-015-CL:CATALOG-SERVICE:9001?status=UP&lastDirtyTimestamp=1652639604180
2022-05-16 00:21:24.765 DEBUG 15948 --- [DiscoveryClient-CacheRefreshExecutor-0] o.s.web.client.RestTemplate              : Accept=[application/json, application/*+json]
2022-05-16 00:21:24.765 DEBUG 15948 --- [DiscoveryClient-HeartbeatExecutor-0] o.s.web.client.RestTemplate              : Accept=[application/json, application/*+json]
2022-05-16 00:21:24.767 DEBUG 15948 --- [DiscoveryClient-HeartbeatExecutor-0] o.s.web.client.RestTemplate              : Response 200 OK
2022-05-16 00:21:24.767 DEBUG 15948 --- [DiscoveryClient-CacheRefreshExecutor-0] o.s.web.client.RestTemplate              : Response 200 OK
2022-05-16 00:21:24.768 DEBUG 15948 --- [DiscoveryClient-CacheRefreshExecutor-0] o.s.web.client.RestTemplate              : Reading to [org.springframework.cloud.netflix.eureka.http.EurekaApplications]
2022-05-16 00:21:54.776 DEBUG 15948 --- [DiscoveryClient-HeartbeatExecutor-0] o.s.web.client.RestTemplate              : HTTP PUT http://localhost:8761/eureka/apps/CATALOG-SERVICE/ITA-015-CL:CATALOG-SERVICE:9001?status=UP&lastDirtyTimestamp=1652639604180
2022-05-16 00:21:54.776 DEBUG 15948 --- [DiscoveryClient-CacheRefreshExecutor-0] o.s.web.client.RestTemplate              : HTTP GET http://localhost:8761/eureka/apps/delta
2022-05-16 00:21:54.777 DEBUG 15948 --- [DiscoveryClient-HeartbeatExecutor-0] o.s.web.client.RestTemplate              : Accept=[application/json, application/*+json]
2022-05-16 00:21:54.777 DEBUG 15948 --- [DiscoveryClient-CacheRefreshExecutor-0] o.s.web.client.RestTemplate              : Accept=[application/json, application/*+json]
2022-05-16 00:21:54.782 DEBUG 15948 --- [DiscoveryClient-HeartbeatExecutor-0] o.s.web.client.RestTemplate              : Response 200 OK
2022-05-16 00:21:54.783 DEBUG 15948 --- [DiscoveryClient-CacheRefreshExecutor-0] o.s.web.client.RestTemplate              : Response 200 OK
2022-05-16 00:21:54.784 DEBUG 15948 --- [DiscoveryClient-CacheRefreshExecutor-0] o.s.web.client.RestTemplate              : Reading to [org.springframework.cloud.netflix.eureka.http.EurekaApplications]
2022-05-16 00:22:24.794 DEBUG 15948 --- [DiscoveryClient-CacheRefreshExecutor-0] o.s.web.client.RestTemplate              : HTTP GET http://localhost:8761/eureka/apps/delta
2022-05-16 00:22:24.794 DEBUG 15948 --- [DiscoveryClient-HeartbeatExecutor-0] o.s.web.client.RestTemplate              : HTTP PUT http://localhost:8761/eureka/apps/CATALOG-SERVICE/ITA-015-CL:CATALOG-SERVICE:9001?status=UP&lastDirtyTimestamp=1652639604180
2022-05-16 00:22:24.794 DEBUG 15948 --- [DiscoveryClient-CacheRefreshExecutor-0] o.s.web.client.RestTemplate              : Accept=[application/json, application/*+json]
2022-05-16 00:22:24.794 DEBUG 15948 --- [DiscoveryClient-HeartbeatExecutor-0] o.s.web.client.RestTemplate              : Accept=[application/json, application/*+json]
2022-05-16 00:22:24.796 DEBUG 15948 --- [DiscoveryClient-CacheRefreshExecutor-0] o.s.web.client.RestTemplate              : Response 200 OK
2022-05-16 00:22:24.796 DEBUG 15948 --- [DiscoveryClient-HeartbeatExecutor-0] o.s.web.client.RestTemplate              : Response 200 OK
2022-05-16 00:22:24.796 DEBUG 15948 --- [DiscoveryClient-CacheRefreshExecutor-0] o.s.web.client.RestTemplate              : Reading to [org.springframework.cloud.netflix.eureka.http.EurekaApplications]
2022-05-16 00:22:54.806 DEBUG 15948 --- [DiscoveryClient-CacheRefreshExecutor-0] o.s.web.client.RestTemplate              : HTTP GET http://localhost:8761/eureka/apps/delta
2022-05-16 00:22:54.806 DEBUG 15948 --- [DiscoveryClient-HeartbeatExecutor-0] o.s.web.client.RestTemplate              : HTTP PUT http://localhost:8761/eureka/apps/CATALOG-SERVICE/ITA-015-CL:CATALOG-SERVICE:9001?status=UP&lastDirtyTimestamp=1652639604180
2022-05-16 00:22:54.807 DEBUG 15948 --- [DiscoveryClient-CacheRefreshExecutor-0] o.s.web.client.RestTemplate              : Accept=[application/json, application/*+json]
2022-05-16 00:22:54.808 DEBUG 15948 --- [DiscoveryClient-HeartbeatExecutor-0] o.s.web.client.RestTemplate              : Accept=[application/json, application/*+json]
2022-05-16 00:22:54.812 DEBUG 15948 --- [DiscoveryClient-CacheRefreshExecutor-0] o.s.web.client.RestTemplate              : Response 200 OK
2022-05-16 00:22:54.812 DEBUG 15948 --- [DiscoveryClient-HeartbeatExecutor-0] o.s.web.client.RestTemplate              : Response 200 OK
2022-05-16 00:22:54.812 DEBUG 15948 --- [DiscoveryClient-CacheRefreshExecutor-0] o.s.web.client.RestTemplate              : Reading to [org.springframework.cloud.netflix.eureka.http.EurekaApplications]
2022-05-16 00:23:24.826 DEBUG 15948 --- [DiscoveryClient-HeartbeatExecutor-0] o.s.web.client.RestTemplate              : HTTP PUT http://localhost:8761/eureka/apps/CATALOG-SERVICE/ITA-015-CL:CATALOG-SERVICE:9001?status=UP&lastDirtyTimestamp=1652639604180
2022-05-16 00:23:24.826 DEBUG 15948 --- [DiscoveryClient-CacheRefreshExecutor-0] o.s.web.client.RestTemplate              : HTTP GET http://localhost:8761/eureka/apps/delta
2022-05-16 00:23:24.826 DEBUG 15948 --- [DiscoveryClient-HeartbeatExecutor-0] o.s.web.client.RestTemplate              : Accept=[application/json, application/*+json]
2022-05-16 00:23:24.826 DEBUG 15948 --- [DiscoveryClient-CacheRefreshExecutor-0] o.s.web.client.RestTemplate              : Accept=[application/json, application/*+json]
2022-05-16 00:23:24.828 DEBUG 15948 --- [DiscoveryClient-HeartbeatExecutor-0] o.s.web.client.RestTemplate              : Response 200 OK
2022-05-16 00:23:24.828 DEBUG 15948 --- [DiscoveryClient-CacheRefreshExecutor-0] o.s.web.client.RestTemplate              : Response 200 OK
2022-05-16 00:23:24.829 DEBUG 15948 --- [DiscoveryClient-CacheRefreshExecutor-0] o.s.web.client.RestTemplate              : Reading to [org.springframework.cloud.netflix.eureka.http.EurekaApplications]
2022-05-16 00:23:54.839 DEBUG 15948 --- [DiscoveryClient-HeartbeatExecutor-0] o.s.web.client.RestTemplate              : HTTP PUT http://localhost:8761/eureka/apps/CATALOG-SERVICE/ITA-015-CL:CATALOG-SERVICE:9001?status=UP&lastDirtyTimestamp=1652639604180
2022-05-16 00:23:54.839 DEBUG 15948 --- [DiscoveryClient-CacheRefreshExecutor-0] o.s.web.client.RestTemplate              : HTTP GET http://localhost:8761/eureka/apps/delta
2022-05-16 00:23:54.840 DEBUG 15948 --- [DiscoveryClient-CacheRefreshExecutor-0] o.s.web.client.RestTemplate              : Accept=[application/json, application/*+json]
2022-05-16 00:23:54.840 DEBUG 15948 --- [DiscoveryClient-HeartbeatExecutor-0] o.s.web.client.RestTemplate              : Accept=[application/json, application/*+json]
2022-05-16 00:23:54.845 DEBUG 15948 --- [DiscoveryClient-HeartbeatExecutor-0] o.s.web.client.RestTemplate              : Response 200 OK
2022-05-16 00:23:54.845 DEBUG 15948 --- [DiscoveryClient-CacheRefreshExecutor-0] o.s.web.client.RestTemplate              : Response 200 OK
2022-05-16 00:23:54.845 DEBUG 15948 --- [DiscoveryClient-CacheRefreshExecutor-0] o.s.web.client.RestTemplate              : Reading to [org.springframework.cloud.netflix.eureka.http.EurekaApplications]
2022-05-16 00:24:24.850 DEBUG 15948 --- [DiscoveryClient-CacheRefreshExecutor-0] o.s.web.client.RestTemplate              : HTTP GET http://localhost:8761/eureka/apps/delta
2022-05-16 00:24:24.850 DEBUG 15948 --- [DiscoveryClient-HeartbeatExecutor-0] o.s.web.client.RestTemplate              : HTTP PUT http://localhost:8761/eureka/apps/CATALOG-SERVICE/ITA-015-CL:CATALOG-SERVICE:9001?status=UP&lastDirtyTimestamp=1652639604180
2022-05-16 00:24:24.850 DEBUG 15948 --- [DiscoveryClient-CacheRefreshExecutor-0] o.s.web.client.RestTemplate              : Accept=[application/json, application/*+json]
2022-05-16 00:24:24.850 DEBUG 15948 --- [DiscoveryClient-HeartbeatExecutor-0] o.s.web.client.RestTemplate              : Accept=[application/json, application/*+json]
2022-05-16 00:24:24.855 DEBUG 15948 --- [DiscoveryClient-CacheRefreshExecutor-0] o.s.web.client.RestTemplate              : Response 200 OK
2022-05-16 00:24:24.855 DEBUG 15948 --- [DiscoveryClient-HeartbeatExecutor-0] o.s.web.client.RestTemplate              : Response 200 OK
2022-05-16 00:24:24.856 DEBUG 15948 --- [DiscoveryClient-CacheRefreshExecutor-0] o.s.web.client.RestTemplate              : Reading to [org.springframework.cloud.netflix.eureka.http.EurekaApplications]
2022-05-16 00:24:54.862 DEBUG 15948 --- [DiscoveryClient-HeartbeatExecutor-0] o.s.web.client.RestTemplate              : HTTP PUT http://localhost:8761/eureka/apps/CATALOG-SERVICE/ITA-015-CL:CATALOG-SERVICE:9001?status=UP&lastDirtyTimestamp=1652639604180
2022-05-16 00:24:54.861 DEBUG 15948 --- [DiscoveryClient-CacheRefreshExecutor-0] o.s.web.client.RestTemplate              : HTTP GET http://localhost:8761/eureka/apps/delta
2022-05-16 00:24:54.863 DEBUG 15948 --- [DiscoveryClient-HeartbeatExecutor-0] o.s.web.client.RestTemplate              : Accept=[application/json, application/*+json]
2022-05-16 00:24:54.863 DEBUG 15948 --- [DiscoveryClient-CacheRefreshExecutor-0] o.s.web.client.RestTemplate              : Accept=[application/json, application/*+json]
2022-05-16 00:24:54.867 DEBUG 15948 --- [DiscoveryClient-CacheRefreshExecutor-0] o.s.web.client.RestTemplate              : Response 200 OK
2022-05-16 00:24:54.867 DEBUG 15948 --- [DiscoveryClient-HeartbeatExecutor-0] o.s.web.client.RestTemplate              : Response 200 OK
2022-05-16 00:24:54.868 DEBUG 15948 --- [DiscoveryClient-CacheRefreshExecutor-0] o.s.web.client.RestTemplate              : Reading to [org.springframework.cloud.netflix.eureka.http.EurekaApplications]
2022-05-16 00:25:24.870 DEBUG 15948 --- [DiscoveryClient-CacheRefreshExecutor-0] o.s.web.client.RestTemplate              : HTTP GET http://localhost:8761/eureka/apps/delta
2022-05-16 00:25:24.871 DEBUG 15948 --- [DiscoveryClient-HeartbeatExecutor-0] o.s.web.client.RestTemplate              : HTTP PUT http://localhost:8761/eureka/apps/CATALOG-SERVICE/ITA-015-CL:CATALOG-SERVICE:9001?status=UP&lastDirtyTimestamp=1652639604180
2022-05-16 00:25:24.871 DEBUG 15948 --- [DiscoveryClient-CacheRefreshExecutor-0] o.s.web.client.RestTemplate              : Accept=[application/json, application/*+json]
2022-05-16 00:25:24.871 DEBUG 15948 --- [DiscoveryClient-HeartbeatExecutor-0] o.s.web.client.RestTemplate              : Accept=[application/json, application/*+json]
2022-05-16 00:25:24.876 DEBUG 15948 --- [DiscoveryClient-CacheRefreshExecutor-0] o.s.web.client.RestTemplate              : Response 200 OK
2022-05-16 00:25:24.877 DEBUG 15948 --- [DiscoveryClient-CacheRefreshExecutor-0] o.s.web.client.RestTemplate              : Reading to [org.springframework.cloud.netflix.eureka.http.EurekaApplications]
2022-05-16 00:25:24.877 DEBUG 15948 --- [DiscoveryClient-HeartbeatExecutor-0] o.s.web.client.RestTemplate              : Response 200 OK
2022-05-16 00:25:54.888 DEBUG 15948 --- [DiscoveryClient-HeartbeatExecutor-0] o.s.web.client.RestTemplate              : HTTP PUT http://localhost:8761/eureka/apps/CATALOG-SERVICE/ITA-015-CL:CATALOG-SERVICE:9001?status=UP&lastDirtyTimestamp=1652639604180
2022-05-16 00:25:54.888 DEBUG 15948 --- [DiscoveryClient-CacheRefreshExecutor-0] o.s.web.client.RestTemplate              : HTTP GET http://localhost:8761/eureka/apps/delta
2022-05-16 00:25:54.889 DEBUG 15948 --- [DiscoveryClient-HeartbeatExecutor-0] o.s.web.client.RestTemplate              : Accept=[application/json, application/*+json]
2022-05-16 00:25:54.889 DEBUG 15948 --- [DiscoveryClient-CacheRefreshExecutor-0] o.s.web.client.RestTemplate              : Accept=[application/json, application/*+json]
2022-05-16 00:25:54.894 DEBUG 15948 --- [DiscoveryClient-HeartbeatExecutor-0] o.s.web.client.RestTemplate              : Response 200 OK
2022-05-16 00:25:54.894 DEBUG 15948 --- [DiscoveryClient-CacheRefreshExecutor-0] o.s.web.client.RestTemplate              : Response 200 OK
2022-05-16 00:25:54.895 DEBUG 15948 --- [DiscoveryClient-CacheRefreshExecutor-0] o.s.web.client.RestTemplate              : Reading to [org.springframework.cloud.netflix.eureka.http.EurekaApplications]
2022-05-16 00:26:24.906 DEBUG 15948 --- [DiscoveryClient-CacheRefreshExecutor-0] o.s.web.client.RestTemplate              : HTTP GET http://localhost:8761/eureka/apps/delta
2022-05-16 00:26:24.906 DEBUG 15948 --- [DiscoveryClient-HeartbeatExecutor-0] o.s.web.client.RestTemplate              : HTTP PUT http://localhost:8761/eureka/apps/CATALOG-SERVICE/ITA-015-CL:CATALOG-SERVICE:9001?status=UP&lastDirtyTimestamp=1652639604180
2022-05-16 00:26:24.907 DEBUG 15948 --- [DiscoveryClient-CacheRefreshExecutor-0] o.s.web.client.RestTemplate              : Accept=[application/json, application/*+json]
2022-05-16 00:26:24.907 DEBUG 15948 --- [DiscoveryClient-HeartbeatExecutor-0] o.s.web.client.RestTemplate              : Accept=[application/json, application/*+json]
2022-05-16 00:26:24.911 DEBUG 15948 --- [DiscoveryClient-CacheRefreshExecutor-0] o.s.web.client.RestTemplate              : Response 200 OK
2022-05-16 00:26:24.911 DEBUG 15948 --- [DiscoveryClient-HeartbeatExecutor-0] o.s.web.client.RestTemplate              : Response 200 OK
2022-05-16 00:26:24.912 DEBUG 15948 --- [DiscoveryClient-CacheRefreshExecutor-0] o.s.web.client.RestTemplate              : Reading to [org.springframework.cloud.netflix.eureka.http.EurekaApplications]
2022-05-16 00:26:54.914 DEBUG 15948 --- [DiscoveryClient-HeartbeatExecutor-0] o.s.web.client.RestTemplate              : HTTP PUT http://localhost:8761/eureka/apps/CATALOG-SERVICE/ITA-015-CL:CATALOG-SERVICE:9001?status=UP&lastDirtyTimestamp=1652639604180
2022-05-16 00:26:54.915 DEBUG 15948 --- [DiscoveryClient-HeartbeatExecutor-0] o.s.web.client.RestTemplate              : Accept=[application/json, application/*+json]
2022-05-16 00:26:54.915 DEBUG 15948 --- [DiscoveryClient-CacheRefreshExecutor-0] o.s.web.client.RestTemplate              : HTTP GET http://localhost:8761/eureka/apps/delta
2022-05-16 00:26:54.916 DEBUG 15948 --- [DiscoveryClient-CacheRefreshExecutor-0] o.s.web.client.RestTemplate              : Accept=[application/json, application/*+json]
2022-05-16 00:26:54.919 DEBUG 15948 --- [DiscoveryClient-HeartbeatExecutor-0] o.s.web.client.RestTemplate              : Response 200 OK
2022-05-16 00:26:54.919 DEBUG 15948 --- [DiscoveryClient-CacheRefreshExecutor-0] o.s.web.client.RestTemplate              : Response 200 OK
2022-05-16 00:26:54.920 DEBUG 15948 --- [DiscoveryClient-CacheRefreshExecutor-0] o.s.web.client.RestTemplate              : Reading to [org.springframework.cloud.netflix.eureka.http.EurekaApplications]
2022-05-16 00:27:24.922 DEBUG 15948 --- [DiscoveryClient-HeartbeatExecutor-0] o.s.web.client.RestTemplate              : HTTP PUT http://localhost:8761/eureka/apps/CATALOG-SERVICE/ITA-015-CL:CATALOG-SERVICE:9001?status=UP&lastDirtyTimestamp=1652639604180
2022-05-16 00:27:24.923 DEBUG 15948 --- [DiscoveryClient-HeartbeatExecutor-0] o.s.web.client.RestTemplate              : Accept=[application/json, application/*+json]
2022-05-16 00:27:24.924 DEBUG 15948 --- [DiscoveryClient-CacheRefreshExecutor-0] o.s.web.client.RestTemplate              : HTTP GET http://localhost:8761/eureka/apps/delta
2022-05-16 00:27:24.925 DEBUG 15948 --- [DiscoveryClient-CacheRefreshExecutor-0] o.s.web.client.RestTemplate              : Accept=[application/json, application/*+json]
2022-05-16 00:27:24.929 DEBUG 15948 --- [DiscoveryClient-HeartbeatExecutor-0] o.s.web.client.RestTemplate              : Response 200 OK
2022-05-16 00:27:24.930 DEBUG 15948 --- [DiscoveryClient-CacheRefreshExecutor-0] o.s.web.client.RestTemplate              : Response 200 OK
2022-05-16 00:27:24.931 DEBUG 15948 --- [DiscoveryClient-CacheRefreshExecutor-0] o.s.web.client.RestTemplate              : Reading to [org.springframework.cloud.netflix.eureka.http.EurekaApplications]
2022-05-16 00:27:54.931 DEBUG 15948 --- [DiscoveryClient-HeartbeatExecutor-0] o.s.web.client.RestTemplate              : HTTP PUT http://localhost:8761/eureka/apps/CATALOG-SERVICE/ITA-015-CL:CATALOG-SERVICE:9001?status=UP&lastDirtyTimestamp=1652639604180
2022-05-16 00:27:54.932 DEBUG 15948 --- [DiscoveryClient-HeartbeatExecutor-0] o.s.web.client.RestTemplate              : Accept=[application/json, application/*+json]
2022-05-16 00:27:54.934 DEBUG 15948 --- [DiscoveryClient-CacheRefreshExecutor-0] o.s.web.client.RestTemplate              : HTTP GET http://localhost:8761/eureka/apps/delta
2022-05-16 00:27:54.935 DEBUG 15948 --- [DiscoveryClient-CacheRefreshExecutor-0] o.s.web.client.RestTemplate              : Accept=[application/json, application/*+json]
2022-05-16 00:27:54.938 DEBUG 15948 --- [DiscoveryClient-HeartbeatExecutor-0] o.s.web.client.RestTemplate              : Response 200 OK
2022-05-16 00:27:54.939 DEBUG 15948 --- [DiscoveryClient-CacheRefreshExecutor-0] o.s.web.client.RestTemplate              : Response 200 OK
2022-05-16 00:27:54.940 DEBUG 15948 --- [DiscoveryClient-CacheRefreshExecutor-0] o.s.web.client.RestTemplate              : Reading to [org.springframework.cloud.netflix.eureka.http.EurekaApplications]
2022-05-16 00:28:24.942 DEBUG 15948 --- [DiscoveryClient-HeartbeatExecutor-0] o.s.web.client.RestTemplate              : HTTP PUT http://localhost:8761/eureka/apps/CATALOG-SERVICE/ITA-015-CL:CATALOG-SERVICE:9001?status=UP&lastDirtyTimestamp=1652639604180
2022-05-16 00:28:24.943 DEBUG 15948 --- [DiscoveryClient-HeartbeatExecutor-0] o.s.web.client.RestTemplate              : Accept=[application/json, application/*+json]
2022-05-16 00:28:24.945 DEBUG 15948 --- [DiscoveryClient-HeartbeatExecutor-0] o.s.web.client.RestTemplate              : Response 200 OK
2022-05-16 00:28:24.946 DEBUG 15948 --- [DiscoveryClient-CacheRefreshExecutor-0] o.s.web.client.RestTemplate              : HTTP GET http://localhost:8761/eureka/apps/delta
2022-05-16 00:28:24.946 DEBUG 15948 --- [DiscoveryClient-CacheRefreshExecutor-0] o.s.web.client.RestTemplate              : Accept=[application/json, application/*+json]
2022-05-16 00:28:24.948 DEBUG 15948 --- [DiscoveryClient-CacheRefreshExecutor-0] o.s.web.client.RestTemplate              : Response 200 OK
2022-05-16 00:28:24.949 DEBUG 15948 --- [DiscoveryClient-CacheRefreshExecutor-0] o.s.web.client.RestTemplate              : Reading to [org.springframework.cloud.netflix.eureka.http.EurekaApplications]
2022-05-16 00:28:54.947 DEBUG 15948 --- [DiscoveryClient-HeartbeatExecutor-0] o.s.web.client.RestTemplate              : HTTP PUT http://localhost:8761/eureka/apps/CATALOG-SERVICE/ITA-015-CL:CATALOG-SERVICE:9001?status=UP&lastDirtyTimestamp=1652639604180
2022-05-16 00:28:54.948 DEBUG 15948 --- [DiscoveryClient-HeartbeatExecutor-0] o.s.web.client.RestTemplate              : Accept=[application/json, application/*+json]
2022-05-16 00:28:54.955 DEBUG 15948 --- [DiscoveryClient-HeartbeatExecutor-0] o.s.web.client.RestTemplate              : Response 200 OK
2022-05-16 00:28:54.957 DEBUG 15948 --- [DiscoveryClient-CacheRefreshExecutor-0] o.s.web.client.RestTemplate              : HTTP GET http://localhost:8761/eureka/apps/delta
2022-05-16 00:28:54.958 DEBUG 15948 --- [DiscoveryClient-CacheRefreshExecutor-0] o.s.web.client.RestTemplate              : Accept=[application/json, application/*+json]
2022-05-16 00:28:54.963 DEBUG 15948 --- [DiscoveryClient-CacheRefreshExecutor-0] o.s.web.client.RestTemplate              : Response 200 OK
2022-05-16 00:28:54.964 DEBUG 15948 --- [DiscoveryClient-CacheRefreshExecutor-0] o.s.web.client.RestTemplate              : Reading to [org.springframework.cloud.netflix.eureka.http.EurekaApplications]
2022-05-16 00:29:24.973 DEBUG 15948 --- [DiscoveryClient-HeartbeatExecutor-0] o.s.web.client.RestTemplate              : HTTP PUT http://localhost:8761/eureka/apps/CATALOG-SERVICE/ITA-015-CL:CATALOG-SERVICE:9001?status=UP&lastDirtyTimestamp=1652639604180
2022-05-16 00:29:24.973 DEBUG 15948 --- [DiscoveryClient-CacheRefreshExecutor-0] o.s.web.client.RestTemplate              : HTTP GET http://localhost:8761/eureka/apps/delta
2022-05-16 00:29:24.973 DEBUG 15948 --- [DiscoveryClient-CacheRefreshExecutor-0] o.s.web.client.RestTemplate              : Accept=[application/json, application/*+json]
2022-05-16 00:29:24.973 DEBUG 15948 --- [DiscoveryClient-HeartbeatExecutor-0] o.s.web.client.RestTemplate              : Accept=[application/json, application/*+json]
2022-05-16 00:29:24.976 DEBUG 15948 --- [DiscoveryClient-CacheRefreshExecutor-0] o.s.web.client.RestTemplate              : Response 200 OK
2022-05-16 00:29:24.976 DEBUG 15948 --- [DiscoveryClient-CacheRefreshExecutor-0] o.s.web.client.RestTemplate              : Reading to [org.springframework.cloud.netflix.eureka.http.EurekaApplications]
2022-05-16 00:29:25.079 DEBUG 15948 --- [DiscoveryClient-HeartbeatExecutor-0] o.s.web.client.RestTemplate              : Response 200 OK
2022-05-16 00:29:54.982 DEBUG 15948 --- [DiscoveryClient-CacheRefreshExecutor-0] o.s.web.client.RestTemplate              : HTTP GET http://localhost:8761/eureka/apps/delta
2022-05-16 00:29:54.982 DEBUG 15948 --- [DiscoveryClient-CacheRefreshExecutor-0] o.s.web.client.RestTemplate              : Accept=[application/json, application/*+json]
2022-05-16 00:29:54.984 DEBUG 15948 --- [DiscoveryClient-CacheRefreshExecutor-0] o.s.web.client.RestTemplate              : Response 200 OK
2022-05-16 00:29:54.984 DEBUG 15948 --- [DiscoveryClient-CacheRefreshExecutor-0] o.s.web.client.RestTemplate              : Reading to [org.springframework.cloud.netflix.eureka.http.EurekaApplications]
2022-05-16 00:29:55.091 DEBUG 15948 --- [DiscoveryClient-HeartbeatExecutor-0] o.s.web.client.RestTemplate              : HTTP PUT http://localhost:8761/eureka/apps/CATALOG-SERVICE/ITA-015-CL:CATALOG-SERVICE:9001?status=UP&lastDirtyTimestamp=1652639604180
2022-05-16 00:29:55.091 DEBUG 15948 --- [DiscoveryClient-HeartbeatExecutor-0] o.s.web.client.RestTemplate              : Accept=[application/json, application/*+json]
2022-05-16 00:29:55.094 DEBUG 15948 --- [DiscoveryClient-HeartbeatExecutor-0] o.s.web.client.RestTemplate              : Response 200 OK
2022-05-16 00:30:24.997 DEBUG 15948 --- [DiscoveryClient-CacheRefreshExecutor-0] o.s.web.client.RestTemplate              : HTTP GET http://localhost:8761/eureka/apps/delta
2022-05-16 00:30:24.997 DEBUG 15948 --- [DiscoveryClient-CacheRefreshExecutor-0] o.s.web.client.RestTemplate              : Accept=[application/json, application/*+json]
2022-05-16 00:30:24.999 DEBUG 15948 --- [DiscoveryClient-CacheRefreshExecutor-0] o.s.web.client.RestTemplate              : Response 200 OK
2022-05-16 00:30:24.999 DEBUG 15948 --- [DiscoveryClient-CacheRefreshExecutor-0] o.s.web.client.RestTemplate              : Reading to [org.springframework.cloud.netflix.eureka.http.EurekaApplications]
2022-05-16 00:30:25.103 DEBUG 15948 --- [DiscoveryClient-HeartbeatExecutor-0] o.s.web.client.RestTemplate              : HTTP PUT http://localhost:8761/eureka/apps/CATALOG-SERVICE/ITA-015-CL:CATALOG-SERVICE:9001?status=UP&lastDirtyTimestamp=1652639604180
2022-05-16 00:30:25.103 DEBUG 15948 --- [DiscoveryClient-HeartbeatExecutor-0] o.s.web.client.RestTemplate              : Accept=[application/json, application/*+json]
2022-05-16 00:30:25.105 DEBUG 15948 --- [DiscoveryClient-HeartbeatExecutor-0] o.s.web.client.RestTemplate              : Response 200 OK
2022-05-16 00:30:55.015 DEBUG 15948 --- [DiscoveryClient-CacheRefreshExecutor-0] o.s.web.client.RestTemplate              : HTTP GET http://localhost:8761/eureka/apps/delta
2022-05-16 00:30:55.015 DEBUG 15948 --- [DiscoveryClient-CacheRefreshExecutor-0] o.s.web.client.RestTemplate              : Accept=[application/json, application/*+json]
2022-05-16 00:30:55.020 DEBUG 15948 --- [DiscoveryClient-CacheRefreshExecutor-0] o.s.web.client.RestTemplate              : Response 200 OK
2022-05-16 00:30:55.020 DEBUG 15948 --- [DiscoveryClient-CacheRefreshExecutor-0] o.s.web.client.RestTemplate              : Reading to [org.springframework.cloud.netflix.eureka.http.EurekaApplications]
2022-05-16 00:30:55.108 DEBUG 15948 --- [DiscoveryClient-HeartbeatExecutor-0] o.s.web.client.RestTemplate              : HTTP PUT http://localhost:8761/eureka/apps/CATALOG-SERVICE/ITA-015-CL:CATALOG-SERVICE:9001?status=UP&lastDirtyTimestamp=1652639604180
2022-05-16 00:30:55.109 DEBUG 15948 --- [DiscoveryClient-HeartbeatExecutor-0] o.s.web.client.RestTemplate              : Accept=[application/json, application/*+json]
2022-05-16 00:30:55.115 DEBUG 15948 --- [DiscoveryClient-HeartbeatExecutor-0] o.s.web.client.RestTemplate              : Response 200 OK
2022-05-16 00:31:25.029 DEBUG 15948 --- [DiscoveryClient-CacheRefreshExecutor-0] o.s.web.client.RestTemplate              : HTTP GET http://localhost:8761/eureka/apps/delta
2022-05-16 00:31:25.030 DEBUG 15948 --- [DiscoveryClient-CacheRefreshExecutor-0] o.s.web.client.RestTemplate              : Accept=[application/json, application/*+json]
2022-05-16 00:31:25.032 DEBUG 15948 --- [DiscoveryClient-CacheRefreshExecutor-0] o.s.web.client.RestTemplate              : Response 200 OK
2022-05-16 00:31:25.032 DEBUG 15948 --- [DiscoveryClient-CacheRefreshExecutor-0] o.s.web.client.RestTemplate              : Reading to [org.springframework.cloud.netflix.eureka.http.EurekaApplications]
2022-05-16 00:31:25.120 DEBUG 15948 --- [DiscoveryClient-HeartbeatExecutor-0] o.s.web.client.RestTemplate              : HTTP PUT http://localhost:8761/eureka/apps/CATALOG-SERVICE/ITA-015-CL:CATALOG-SERVICE:9001?status=UP&lastDirtyTimestamp=1652639604180
2022-05-16 00:31:25.120 DEBUG 15948 --- [DiscoveryClient-HeartbeatExecutor-0] o.s.web.client.RestTemplate              : Accept=[application/json, application/*+json]
2022-05-16 00:31:25.122 DEBUG 15948 --- [DiscoveryClient-HeartbeatExecutor-0] o.s.web.client.RestTemplate              : Response 200 OK
2022-05-16 00:31:55.044 DEBUG 15948 --- [DiscoveryClient-CacheRefreshExecutor-0] o.s.web.client.RestTemplate              : HTTP GET http://localhost:8761/eureka/apps/delta
2022-05-16 00:31:55.045 DEBUG 15948 --- [DiscoveryClient-CacheRefreshExecutor-0] o.s.web.client.RestTemplate              : Accept=[application/json, application/*+json]
2022-05-16 00:31:55.047 DEBUG 15948 --- [DiscoveryClient-CacheRefreshExecutor-0] o.s.web.client.RestTemplate              : Response 200 OK
2022-05-16 00:31:55.048 DEBUG 15948 --- [DiscoveryClient-CacheRefreshExecutor-0] o.s.web.client.RestTemplate              : Reading to [org.springframework.cloud.netflix.eureka.http.EurekaApplications]
2022-05-16 00:31:55.135 DEBUG 15948 --- [DiscoveryClient-HeartbeatExecutor-0] o.s.web.client.RestTemplate              : HTTP PUT http://localhost:8761/eureka/apps/CATALOG-SERVICE/ITA-015-CL:CATALOG-SERVICE:9001?status=UP&lastDirtyTimestamp=1652639604180
2022-05-16 00:31:55.135 DEBUG 15948 --- [DiscoveryClient-HeartbeatExecutor-0] o.s.web.client.RestTemplate              : Accept=[application/json, application/*+json]
2022-05-16 00:31:55.137 DEBUG 15948 --- [DiscoveryClient-HeartbeatExecutor-0] o.s.web.client.RestTemplate              : Response 200 OK
2022-05-16 00:32:25.059 DEBUG 15948 --- [DiscoveryClient-CacheRefreshExecutor-0] o.s.web.client.RestTemplate              : HTTP GET http://localhost:8761/eureka/apps/delta
2022-05-16 00:32:25.060 DEBUG 15948 --- [DiscoveryClient-CacheRefreshExecutor-0] o.s.web.client.RestTemplate              : Accept=[application/json, application/*+json]
2022-05-16 00:32:25.065 DEBUG 15948 --- [DiscoveryClient-CacheRefreshExecutor-0] o.s.web.client.RestTemplate              : Response 200 OK
2022-05-16 00:32:25.066 DEBUG 15948 --- [DiscoveryClient-CacheRefreshExecutor-0] o.s.web.client.RestTemplate              : Reading to [org.springframework.cloud.netflix.eureka.http.EurekaApplications]
2022-05-16 00:32:25.153 DEBUG 15948 --- [DiscoveryClient-HeartbeatExecutor-0] o.s.web.client.RestTemplate              : HTTP PUT http://localhost:8761/eureka/apps/CATALOG-SERVICE/ITA-015-CL:CATALOG-SERVICE:9001?status=UP&lastDirtyTimestamp=1652639604180
2022-05-16 00:32:25.154 DEBUG 15948 --- [DiscoveryClient-HeartbeatExecutor-0] o.s.web.client.RestTemplate              : Accept=[application/json, application/*+json]
2022-05-16 00:32:25.158 DEBUG 15948 --- [DiscoveryClient-HeartbeatExecutor-0] o.s.web.client.RestTemplate              : Response 200 OK
2022-05-16 00:32:55.184 DEBUG 15948 --- [DiscoveryClient-CacheRefreshExecutor-0] o.s.web.client.RestTemplate              : HTTP GET http://localhost:8761/eureka/apps/delta
2022-05-16 00:32:55.185 DEBUG 15948 --- [DiscoveryClient-CacheRefreshExecutor-0] o.s.web.client.RestTemplate              : Accept=[application/json, application/*+json]
2022-05-16 00:32:55.189 DEBUG 15948 --- [DiscoveryClient-CacheRefreshExecutor-0] o.s.web.client.RestTemplate              : Response 200 OK
2022-05-16 00:32:55.190 DEBUG 15948 --- [DiscoveryClient-CacheRefreshExecutor-0] o.s.web.client.RestTemplate              : Reading to [org.springframework.cloud.netflix.eureka.http.EurekaApplications]
2022-05-16 00:32:58.474 DEBUG 15948 --- [DiscoveryClient-HeartbeatExecutor-0] o.s.web.client.RestTemplate              : HTTP PUT http://localhost:8761/eureka/apps/CATALOG-SERVICE/ITA-015-CL:CATALOG-SERVICE:9001?status=UP&lastDirtyTimestamp=1652639604180
2022-05-16 00:32:58.794 DEBUG 15948 --- [DiscoveryClient-HeartbeatExecutor-0] o.s.web.client.RestTemplate              : Accept=[application/json, application/*+json]
2022-05-16 00:32:58.995 DEBUG 15948 --- [DiscoveryClient-HeartbeatExecutor-0] o.s.web.client.RestTemplate              : Response 200 OK
2022-05-16 00:33:25.270 DEBUG 15948 --- [DiscoveryClient-CacheRefreshExecutor-0] o.s.web.client.RestTemplate              : HTTP GET http://localhost:8761/eureka/apps/delta
2022-05-16 00:33:25.358 DEBUG 15948 --- [DiscoveryClient-CacheRefreshExecutor-0] o.s.web.client.RestTemplate              : Accept=[application/json, application/*+json]
2022-05-16 00:33:25.365 DEBUG 15948 --- [DiscoveryClient-CacheRefreshExecutor-0] o.s.web.client.RestTemplate              : Response 200 OK
2022-05-16 00:33:25.366 DEBUG 15948 --- [DiscoveryClient-CacheRefreshExecutor-0] o.s.web.client.RestTemplate              : Reading to [org.springframework.cloud.netflix.eureka.http.EurekaApplications]
2022-05-16 00:33:28.998 DEBUG 15948 --- [DiscoveryClient-HeartbeatExecutor-0] o.s.web.client.RestTemplate              : HTTP PUT http://localhost:8761/eureka/apps/CATALOG-SERVICE/ITA-015-CL:CATALOG-SERVICE:9001?status=UP&lastDirtyTimestamp=1652639604180
2022-05-16 00:33:28.998 DEBUG 15948 --- [DiscoveryClient-HeartbeatExecutor-0] o.s.web.client.RestTemplate              : Accept=[application/json, application/*+json]
2022-05-16 00:33:29.002 DEBUG 15948 --- [DiscoveryClient-HeartbeatExecutor-0] o.s.web.client.RestTemplate              : Response 200 OK
2022-05-16 00:33:55.380 DEBUG 15948 --- [DiscoveryClient-CacheRefreshExecutor-0] o.s.web.client.RestTemplate              : HTTP GET http://localhost:8761/eureka/apps/delta
2022-05-16 00:33:55.382 DEBUG 15948 --- [DiscoveryClient-CacheRefreshExecutor-0] o.s.web.client.RestTemplate              : Accept=[application/json, application/*+json]
2022-05-16 00:33:55.386 DEBUG 15948 --- [DiscoveryClient-CacheRefreshExecutor-0] o.s.web.client.RestTemplate              : Response 200 OK
2022-05-16 00:33:55.387 DEBUG 15948 --- [DiscoveryClient-CacheRefreshExecutor-0] o.s.web.client.RestTemplate              : Reading to [org.springframework.cloud.netflix.eureka.http.EurekaApplications]
2022-05-16 00:33:59.011 DEBUG 15948 --- [DiscoveryClient-HeartbeatExecutor-0] o.s.web.client.RestTemplate              : HTTP PUT http://localhost:8761/eureka/apps/CATALOG-SERVICE/ITA-015-CL:CATALOG-SERVICE:9001?status=UP&lastDirtyTimestamp=1652639604180
2022-05-16 00:33:59.012 DEBUG 15948 --- [DiscoveryClient-HeartbeatExecutor-0] o.s.web.client.RestTemplate              : Accept=[application/json, application/*+json]
2022-05-16 00:33:59.016 DEBUG 15948 --- [DiscoveryClient-HeartbeatExecutor-0] o.s.web.client.RestTemplate              : Response 200 OK
2022-05-16 00:34:25.396 DEBUG 15948 --- [DiscoveryClient-CacheRefreshExecutor-0] o.s.web.client.RestTemplate              : HTTP GET http://localhost:8761/eureka/apps/delta
2022-05-16 00:34:25.396 DEBUG 15948 --- [DiscoveryClient-CacheRefreshExecutor-0] o.s.web.client.RestTemplate              : Accept=[application/json, application/*+json]
2022-05-16 00:34:25.400 DEBUG 15948 --- [DiscoveryClient-CacheRefreshExecutor-0] o.s.web.client.RestTemplate              : Response 200 OK
2022-05-16 00:34:25.401 DEBUG 15948 --- [DiscoveryClient-CacheRefreshExecutor-0] o.s.web.client.RestTemplate              : Reading to [org.springframework.cloud.netflix.eureka.http.EurekaApplications]
2022-05-16 00:34:29.033 DEBUG 15948 --- [DiscoveryClient-HeartbeatExecutor-0] o.s.web.client.RestTemplate              : HTTP PUT http://localhost:8761/eureka/apps/CATALOG-SERVICE/ITA-015-CL:CATALOG-SERVICE:9001?status=UP&lastDirtyTimestamp=1652639604180
2022-05-16 00:34:29.033 DEBUG 15948 --- [DiscoveryClient-HeartbeatExecutor-0] o.s.web.client.RestTemplate              : Accept=[application/json, application/*+json]
2022-05-16 00:34:29.038 DEBUG 15948 --- [DiscoveryClient-HeartbeatExecutor-0] o.s.web.client.RestTemplate              : Response 200 OK
2022-05-16 00:34:55.452 DEBUG 15948 --- [DiscoveryClient-CacheRefreshExecutor-0] o.s.web.client.RestTemplate              : HTTP GET http://localhost:8761/eureka/apps/delta
2022-05-16 00:34:55.452 DEBUG 15948 --- [DiscoveryClient-CacheRefreshExecutor-0] o.s.web.client.RestTemplate              : Accept=[application/json, application/*+json]
2022-05-16 00:34:55.457 DEBUG 15948 --- [DiscoveryClient-CacheRefreshExecutor-0] o.s.web.client.RestTemplate              : Response 200 OK
2022-05-16 00:34:55.458 DEBUG 15948 --- [DiscoveryClient-CacheRefreshExecutor-0] o.s.web.client.RestTemplate              : Reading to [org.springframework.cloud.netflix.eureka.http.EurekaApplications]
2022-05-16 00:34:59.043 DEBUG 15948 --- [DiscoveryClient-HeartbeatExecutor-0] o.s.web.client.RestTemplate              : HTTP PUT http://localhost:8761/eureka/apps/CATALOG-SERVICE/ITA-015-CL:CATALOG-SERVICE:9001?status=UP&lastDirtyTimestamp=1652639604180
2022-05-16 00:34:59.044 DEBUG 15948 --- [DiscoveryClient-HeartbeatExecutor-0] o.s.web.client.RestTemplate              : Accept=[application/json, application/*+json]
2022-05-16 00:34:59.048 DEBUG 15948 --- [DiscoveryClient-HeartbeatExecutor-0] o.s.web.client.RestTemplate              : Response 200 OK
2022-05-16 00:35:25.469 DEBUG 15948 --- [DiscoveryClient-CacheRefreshExecutor-0] o.s.web.client.RestTemplate              : HTTP GET http://localhost:8761/eureka/apps/delta
2022-05-16 00:35:25.470 DEBUG 15948 --- [DiscoveryClient-CacheRefreshExecutor-0] o.s.web.client.RestTemplate              : Accept=[application/json, application/*+json]
2022-05-16 00:35:25.474 DEBUG 15948 --- [DiscoveryClient-CacheRefreshExecutor-0] o.s.web.client.RestTemplate              : Response 200 OK
2022-05-16 00:35:25.474 DEBUG 15948 --- [DiscoveryClient-CacheRefreshExecutor-0] o.s.web.client.RestTemplate              : Reading to [org.springframework.cloud.netflix.eureka.http.EurekaApplications]
2022-05-16 00:35:29.050 DEBUG 15948 --- [DiscoveryClient-HeartbeatExecutor-0] o.s.web.client.RestTemplate              : HTTP PUT http://localhost:8761/eureka/apps/CATALOG-SERVICE/ITA-015-CL:CATALOG-SERVICE:9001?status=UP&lastDirtyTimestamp=1652639604180
2022-05-16 00:35:29.155 DEBUG 15948 --- [DiscoveryClient-HeartbeatExecutor-0] o.s.web.client.RestTemplate              : Accept=[application/json, application/*+json]
2022-05-16 00:35:29.161 DEBUG 15948 --- [DiscoveryClient-HeartbeatExecutor-0] o.s.web.client.RestTemplate              : Response 200 OK
2022-05-16 00:35:55.478 DEBUG 15948 --- [DiscoveryClient-CacheRefreshExecutor-0] o.s.web.client.RestTemplate              : HTTP GET http://localhost:8761/eureka/apps/delta
2022-05-16 00:35:55.479 DEBUG 15948 --- [DiscoveryClient-CacheRefreshExecutor-0] o.s.web.client.RestTemplate              : Accept=[application/json, application/*+json]
2022-05-16 00:35:55.674 DEBUG 15948 --- [DiscoveryClient-CacheRefreshExecutor-0] o.s.web.client.RestTemplate              : Response 200 OK
2022-05-16 00:35:55.675 DEBUG 15948 --- [DiscoveryClient-CacheRefreshExecutor-0] o.s.web.client.RestTemplate              : Reading to [org.springframework.cloud.netflix.eureka.http.EurekaApplications]
2022-05-16 00:35:59.163 DEBUG 15948 --- [DiscoveryClient-HeartbeatExecutor-0] o.s.web.client.RestTemplate              : HTTP PUT http://localhost:8761/eureka/apps/CATALOG-SERVICE/ITA-015-CL:CATALOG-SERVICE:9001?status=UP&lastDirtyTimestamp=1652639604180
2022-05-16 00:35:59.163 DEBUG 15948 --- [DiscoveryClient-HeartbeatExecutor-0] o.s.web.client.RestTemplate              : Accept=[application/json, application/*+json]
2022-05-16 00:35:59.168 DEBUG 15948 --- [DiscoveryClient-HeartbeatExecutor-0] o.s.web.client.RestTemplate              : Response 200 OK
2022-05-16 00:36:25.688 DEBUG 15948 --- [DiscoveryClient-CacheRefreshExecutor-0] o.s.web.client.RestTemplate              : HTTP GET http://localhost:8761/eureka/apps/delta
2022-05-16 00:36:25.688 DEBUG 15948 --- [DiscoveryClient-CacheRefreshExecutor-0] o.s.web.client.RestTemplate              : Accept=[application/json, application/*+json]
2022-05-16 00:36:25.690 DEBUG 15948 --- [DiscoveryClient-CacheRefreshExecutor-0] o.s.web.client.RestTemplate              : Response 200 OK
2022-05-16 00:36:25.691 DEBUG 15948 --- [DiscoveryClient-CacheRefreshExecutor-0] o.s.web.client.RestTemplate              : Reading to [org.springframework.cloud.netflix.eureka.http.EurekaApplications]
2022-05-16 00:36:29.184 DEBUG 15948 --- [DiscoveryClient-HeartbeatExecutor-0] o.s.web.client.RestTemplate              : HTTP PUT http://localhost:8761/eureka/apps/CATALOG-SERVICE/ITA-015-CL:CATALOG-SERVICE:9001?status=UP&lastDirtyTimestamp=1652639604180
2022-05-16 00:36:29.184 DEBUG 15948 --- [DiscoveryClient-HeartbeatExecutor-0] o.s.web.client.RestTemplate              : Accept=[application/json, application/*+json]
2022-05-16 00:36:29.186 DEBUG 15948 --- [DiscoveryClient-HeartbeatExecutor-0] o.s.web.client.RestTemplate              : Response 200 OK
2022-05-16 00:36:55.702 DEBUG 15948 --- [DiscoveryClient-CacheRefreshExecutor-0] o.s.web.client.RestTemplate              : HTTP GET http://localhost:8761/eureka/apps/delta
2022-05-16 00:36:55.703 DEBUG 15948 --- [DiscoveryClient-CacheRefreshExecutor-0] o.s.web.client.RestTemplate              : Accept=[application/json, application/*+json]
2022-05-16 00:36:55.708 DEBUG 15948 --- [DiscoveryClient-CacheRefreshExecutor-0] o.s.web.client.RestTemplate              : Response 200 OK
2022-05-16 00:36:55.708 DEBUG 15948 --- [DiscoveryClient-CacheRefreshExecutor-0] o.s.web.client.RestTemplate              : Reading to [org.springframework.cloud.netflix.eureka.http.EurekaApplications]
